This file contains any messages produced by compilers while
running configure, to aid debugging if configure makes a mistake.

It was created by glog configure 0.3.4, which was
generated by GNU Autoconf 2.69.  Invocation command line was

  $ ./configure --host arm-apple-darwin

## --------- ##
## Platform. ##
## --------- ##

hostname = Priteshs-MBP
uname -m = x86_64
uname -r = 16.5.0
uname -s = Darwin
uname -v = Darwin Kernel Version 16.5.0: Fri Mar  3 16:52:33 PST 2017; root:xnu-3789.51.2~3/RELEASE_X86_64

/usr/bin/uname -p = i386
/bin/uname -X     = unknown

/bin/arch              = unknown
/usr/bin/arch -k       = unknown
/usr/convex/getsysinfo = unknown
/usr/bin/hostinfo      = Mach kernel version:
	 Darwin Kernel Version 16.5.0: Fri Mar  3 16:52:33 PST 2017; root:xnu-3789.51.2~3/RELEASE_X86_64
Kernel configured for up to 4 processors.
2 processors are physically available.
4 processors are logically available.
Processor type: x86_64h (Intel x86-64h Haswell)
Processors active: 0 1 2 3
Primary memory available: 8.00 gigabytes
Default processor set: 357 tasks, 1957 threads, 4 processors
Load average: 3.89, Mach factor: 0.81
/bin/machine           = unknown
/usr/bin/oslevel       = unknown
/bin/universe          = unknown

PATH: /Applications/Xcode.app/Contents/Developer/Toolchains/XcodeDefault.xctoolchain/usr/bin
PATH: /Applications/Xcode.app/Contents/Developer/Toolchains/XcodeDefault.xctoolchain/usr/local/bin
PATH: /Applications/Xcode.app/Contents/Developer/Toolchains/XcodeDefault.xctoolchain/usr/libexec
PATH: /Applications/Xcode.app/Contents/Developer/Platforms/iPhoneOS.platform/Developer/usr/bin
PATH: /Applications/Xcode.app/Contents/Developer/Platforms/iPhoneOS.platform/Developer/usr/local/bin
PATH: /Applications/Xcode.app/Contents/Developer/Platforms/iPhoneOS.platform/usr/bin
PATH: /Applications/Xcode.app/Contents/Developer/Platforms/iPhoneOS.platform/usr/local/bin
PATH: /Applications/Xcode.app/Contents/Developer/usr/bin
PATH: /Applications/Xcode.app/Contents/Developer/usr/local/bin
PATH: /Applications/Xcode.app/Contents/Developer/Tools
PATH: /usr/local/bin
PATH: /usr/bin
PATH: /bin
PATH: /usr/sbin
PATH: /sbin


## ----------- ##
## Core tests. ##
## ----------- ##

configure:2788: checking for a BSD-compatible install
configure:2856: result: /usr/bin/install -c
configure:2867: checking whether build environment is sane
configure:2922: result: yes
configure:2960: WARNING: 'missing' script is too old or missing
configure:2981: checking for arm-apple-darwin-strip
configure:3011: result: no
configure:3021: checking for strip
configure:3037: found /Applications/Xcode.app/Contents/Developer/Toolchains/XcodeDefault.xctoolchain/usr/bin/strip
configure:3048: result: strip
configure:3073: checking for a thread-safe mkdir -p
configure:3112: result: ./install-sh -c -d
configure:3119: checking for gawk
configure:3149: result: no
configure:3119: checking for mawk
configure:3149: result: no
configure:3119: checking for nawk
configure:3149: result: no
configure:3119: checking for awk
configure:3135: found /usr/bin/awk
configure:3146: result: awk
configure:3157: checking whether make sets $(MAKE)
configure:3179: result: yes
configure:3208: checking whether make supports nested variables
configure:3225: result: yes
configure:3369: checking for arm-apple-darwin-gcc
configure:3396: result: /Users/pritesh/Development/Libraries/CallDetectionExample/node_modules/react-native/./ios-cc.sh
configure:3665: checking for C compiler version
configure:3674: /Users/pritesh/Development/Libraries/CallDetectionExample/node_modules/react-native/./ios-cc.sh --version >&5
Apple LLVM version 8.1.0 (clang-802.0.42)
Target: arm-apple-darwin16.5.0
Thread model: posix
InstalledDir: /Applications/Xcode.app/Contents/Developer/Toolchains/XcodeDefault.xctoolchain/usr/bin
++ xcrun -find -sdk iphoneos cc
++ xcrun -sdk iphoneos --show-sdk-path
+ exec /Applications/Xcode.app/Contents/Developer/Toolchains/XcodeDefault.xctoolchain/usr/bin/cc -arch armv7 -isysroot /Applications/Xcode.app/Contents/Developer/Platforms/iPhoneOS.platform/Developer/SDKs/iPhoneOS10.3.sdk --version
configure:3685: $? = 0
configure:3674: /Users/pritesh/Development/Libraries/CallDetectionExample/node_modules/react-native/./ios-cc.sh -v >&5
++ xcrun -find -sdk iphoneos cc
++ xcrun -sdk iphoneos --show-sdk-path
+ exec /Applications/Xcode.app/Contents/Developer/Toolchains/XcodeDefault.xctoolchain/usr/bin/cc -arch armv7 -isysroot /Applications/Xcode.app/Contents/Developer/Platforms/iPhoneOS.platform/Developer/SDKs/iPhoneOS10.3.sdk -v
Apple LLVM version 8.1.0 (clang-802.0.42)
Target: arm-apple-darwin16.5.0
Thread model: posix
InstalledDir: /Applications/Xcode.app/Contents/Developer/Toolchains/XcodeDefault.xctoolchain/usr/bin
clang: warning: argument unused during compilation: '-isysroot /Applications/Xcode.app/Contents/Developer/Platforms/iPhoneOS.platform/Developer/SDKs/iPhoneOS10.3.sdk' [-Wunused-command-line-argument]
configure:3685: $? = 0
configure:3674: /Users/pritesh/Development/Libraries/CallDetectionExample/node_modules/react-native/./ios-cc.sh -V >&5
++ xcrun -find -sdk iphoneos cc
++ xcrun -sdk iphoneos --show-sdk-path
+ exec /Applications/Xcode.app/Contents/Developer/Toolchains/XcodeDefault.xctoolchain/usr/bin/cc -arch armv7 -isysroot /Applications/Xcode.app/Contents/Developer/Platforms/iPhoneOS.platform/Developer/SDKs/iPhoneOS10.3.sdk -V
clang: error: argument to '-V' is missing (expected 1 value)
clang: error: no input files
configure:3685: $? = 1
configure:3674: /Users/pritesh/Development/Libraries/CallDetectionExample/node_modules/react-native/./ios-cc.sh -qversion >&5
++ xcrun -find -sdk iphoneos cc
++ xcrun -sdk iphoneos --show-sdk-path
+ exec /Applications/Xcode.app/Contents/Developer/Toolchains/XcodeDefault.xctoolchain/usr/bin/cc -arch armv7 -isysroot /Applications/Xcode.app/Contents/Developer/Platforms/iPhoneOS.platform/Developer/SDKs/iPhoneOS10.3.sdk -qversion
clang: error: unknown argument: '-qversion'
clang: error: no input files
configure:3685: $? = 1
configure:3705: checking whether the C compiler works
configure:3727: /Users/pritesh/Development/Libraries/CallDetectionExample/node_modules/react-native/./ios-cc.sh    conftest.c  >&5
++ xcrun -find -sdk iphoneos cc
++ xcrun -sdk iphoneos --show-sdk-path
+ exec /Applications/Xcode.app/Contents/Developer/Toolchains/XcodeDefault.xctoolchain/usr/bin/cc -arch armv7 -isysroot /Applications/Xcode.app/Contents/Developer/Platforms/iPhoneOS.platform/Developer/SDKs/iPhoneOS10.3.sdk conftest.c
configure:3731: $? = 0
configure:3779: result: yes
configure:3782: checking for C compiler default output file name
configure:3784: result: a.out
configure:3790: checking for suffix of executables
configure:3797: /Users/pritesh/Development/Libraries/CallDetectionExample/node_modules/react-native/./ios-cc.sh -o conftest    conftest.c  >&5
++ xcrun -find -sdk iphoneos cc
++ xcrun -sdk iphoneos --show-sdk-path
+ exec /Applications/Xcode.app/Contents/Developer/Toolchains/XcodeDefault.xctoolchain/usr/bin/cc -arch armv7 -isysroot /Applications/Xcode.app/Contents/Developer/Platforms/iPhoneOS.platform/Developer/SDKs/iPhoneOS10.3.sdk -o conftest conftest.c
configure:3801: $? = 0
configure:3823: result: 
configure:3845: checking whether we are cross compiling
configure:3853: /Users/pritesh/Development/Libraries/CallDetectionExample/node_modules/react-native/./ios-cc.sh -o conftest    conftest.c  >&5
++ xcrun -find -sdk iphoneos cc
++ xcrun -sdk iphoneos --show-sdk-path
+ exec /Applications/Xcode.app/Contents/Developer/Toolchains/XcodeDefault.xctoolchain/usr/bin/cc -arch armv7 -isysroot /Applications/Xcode.app/Contents/Developer/Platforms/iPhoneOS.platform/Developer/SDKs/iPhoneOS10.3.sdk -o conftest conftest.c
configure:3857: $? = 0
configure:3864: ./conftest
./configure: line 3866: ./conftest: Bad CPU type in executable
configure:3868: $? = 126
configure:3883: result: yes
configure:3888: checking for suffix of object files
configure:3910: /Users/pritesh/Development/Libraries/CallDetectionExample/node_modules/react-native/./ios-cc.sh -c   conftest.c >&5
++ xcrun -find -sdk iphoneos cc
++ xcrun -sdk iphoneos --show-sdk-path
+ exec /Applications/Xcode.app/Contents/Developer/Toolchains/XcodeDefault.xctoolchain/usr/bin/cc -arch armv7 -isysroot /Applications/Xcode.app/Contents/Developer/Platforms/iPhoneOS.platform/Developer/SDKs/iPhoneOS10.3.sdk -c conftest.c
configure:3914: $? = 0
configure:3935: result: o
configure:3939: checking whether we are using the GNU C compiler
configure:3958: /Users/pritesh/Development/Libraries/CallDetectionExample/node_modules/react-native/./ios-cc.sh -c   conftest.c >&5
configure:3958: $? = 0
configure:3967: result: yes
configure:3976: checking whether /Users/pritesh/Development/Libraries/CallDetectionExample/node_modules/react-native/./ios-cc.sh accepts -g
configure:3996: /Users/pritesh/Development/Libraries/CallDetectionExample/node_modules/react-native/./ios-cc.sh -c -g  conftest.c >&5
configure:3996: $? = 0
configure:4037: result: yes
configure:4054: checking for /Users/pritesh/Development/Libraries/CallDetectionExample/node_modules/react-native/./ios-cc.sh option to accept ISO C89
configure:4117: /Users/pritesh/Development/Libraries/CallDetectionExample/node_modules/react-native/./ios-cc.sh  -c -g -O2  conftest.c >&5
configure:4117: $? = 0
configure:4130: result: none needed
configure:4155: checking whether /Users/pritesh/Development/Libraries/CallDetectionExample/node_modules/react-native/./ios-cc.sh understands -c and -o together
configure:4177: /Users/pritesh/Development/Libraries/CallDetectionExample/node_modules/react-native/./ios-cc.sh -c conftest.c -o conftest2.o
++ xcrun -find -sdk iphoneos cc
++ xcrun -sdk iphoneos --show-sdk-path
+ exec /Applications/Xcode.app/Contents/Developer/Toolchains/XcodeDefault.xctoolchain/usr/bin/cc -arch armv7 -isysroot /Applications/Xcode.app/Contents/Developer/Platforms/iPhoneOS.platform/Developer/SDKs/iPhoneOS10.3.sdk -c conftest.c -o conftest2.o
configure:4180: $? = 0
configure:4177: /Users/pritesh/Development/Libraries/CallDetectionExample/node_modules/react-native/./ios-cc.sh -c conftest.c -o conftest2.o
++ xcrun -find -sdk iphoneos cc
++ xcrun -sdk iphoneos --show-sdk-path
+ exec /Applications/Xcode.app/Contents/Developer/Toolchains/XcodeDefault.xctoolchain/usr/bin/cc -arch armv7 -isysroot /Applications/Xcode.app/Contents/Developer/Platforms/iPhoneOS.platform/Developer/SDKs/iPhoneOS10.3.sdk -c conftest.c -o conftest2.o
configure:4180: $? = 0
configure:4192: result: yes
configure:4220: checking for style of include used by make
configure:4248: result: GNU
configure:4274: checking dependency style of /Users/pritesh/Development/Libraries/CallDetectionExample/node_modules/react-native/./ios-cc.sh
configure:4385: result: gcc3
configure:4405: checking how to run the C preprocessor
configure:4436: /Users/pritesh/Development/Libraries/CallDetectionExample/node_modules/react-native/./ios-cc.sh -E  conftest.c
configure:4436: $? = 0
configure:4450: /Users/pritesh/Development/Libraries/CallDetectionExample/node_modules/react-native/./ios-cc.sh -E  conftest.c
conftest.c:11:10: fatal error: 'ac_nonexistent.h' file not found
#include <ac_nonexistent.h>
         ^
1 error generated.
configure:4450: $? = 1
configure: failed program was:
| /* confdefs.h */
| #define PACKAGE_NAME "glog"
| #define PACKAGE_TARNAME "glog"
| #define PACKAGE_VERSION "0.3.4"
| #define PACKAGE_STRING "glog 0.3.4"
| #define PACKAGE_BUGREPORT "opensource@google.com"
| #define PACKAGE_URL ""
| #define PACKAGE "glog"
| #define VERSION "0.3.4"
| /* end confdefs.h.  */
| #include <ac_nonexistent.h>
configure:4475: result: /Users/pritesh/Development/Libraries/CallDetectionExample/node_modules/react-native/./ios-cc.sh -E
configure:4495: /Users/pritesh/Development/Libraries/CallDetectionExample/node_modules/react-native/./ios-cc.sh -E  conftest.c
configure:4495: $? = 0
configure:4509: /Users/pritesh/Development/Libraries/CallDetectionExample/node_modules/react-native/./ios-cc.sh -E  conftest.c
conftest.c:11:10: fatal error: 'ac_nonexistent.h' file not found
#include <ac_nonexistent.h>
         ^
1 error generated.
configure:4509: $? = 1
configure: failed program was:
| /* confdefs.h */
| #define PACKAGE_NAME "glog"
| #define PACKAGE_TARNAME "glog"
| #define PACKAGE_VERSION "0.3.4"
| #define PACKAGE_STRING "glog 0.3.4"
| #define PACKAGE_BUGREPORT "opensource@google.com"
| #define PACKAGE_URL ""
| #define PACKAGE "glog"
| #define VERSION "0.3.4"
| /* end confdefs.h.  */
| #include <ac_nonexistent.h>
configure:4649: checking for C++ compiler version
configure:4658: /Users/pritesh/Development/Libraries/CallDetectionExample/node_modules/react-native/./ios-cc.sh --version >&5
Apple LLVM version 8.1.0 (clang-802.0.42)
Target: arm-apple-darwin16.5.0
Thread model: posix
InstalledDir: /Applications/Xcode.app/Contents/Developer/Toolchains/XcodeDefault.xctoolchain/usr/bin
++ xcrun -find -sdk iphoneos cc
++ xcrun -sdk iphoneos --show-sdk-path
+ exec /Applications/Xcode.app/Contents/Developer/Toolchains/XcodeDefault.xctoolchain/usr/bin/cc -arch armv7 -isysroot /Applications/Xcode.app/Contents/Developer/Platforms/iPhoneOS.platform/Developer/SDKs/iPhoneOS10.3.sdk --version
configure:4669: $? = 0
configure:4658: /Users/pritesh/Development/Libraries/CallDetectionExample/node_modules/react-native/./ios-cc.sh -v >&5
++ xcrun -find -sdk iphoneos cc
++ xcrun -sdk iphoneos --show-sdk-path
+ exec /Applications/Xcode.app/Contents/Developer/Toolchains/XcodeDefault.xctoolchain/usr/bin/cc -arch armv7 -isysroot /Applications/Xcode.app/Contents/Developer/Platforms/iPhoneOS.platform/Developer/SDKs/iPhoneOS10.3.sdk -v
Apple LLVM version 8.1.0 (clang-802.0.42)
Target: arm-apple-darwin16.5.0
Thread model: posix
InstalledDir: /Applications/Xcode.app/Contents/Developer/Toolchains/XcodeDefault.xctoolchain/usr/bin
clang: warning: argument unused during compilation: '-isysroot /Applications/Xcode.app/Contents/Developer/Platforms/iPhoneOS.platform/Developer/SDKs/iPhoneOS10.3.sdk' [-Wunused-command-line-argument]
configure:4669: $? = 0
configure:4658: /Users/pritesh/Development/Libraries/CallDetectionExample/node_modules/react-native/./ios-cc.sh -V >&5
++ xcrun -find -sdk iphoneos cc
++ xcrun -sdk iphoneos --show-sdk-path
+ exec /Applications/Xcode.app/Contents/Developer/Toolchains/XcodeDefault.xctoolchain/usr/bin/cc -arch armv7 -isysroot /Applications/Xcode.app/Contents/Developer/Platforms/iPhoneOS.platform/Developer/SDKs/iPhoneOS10.3.sdk -V
clang: error: argument to '-V' is missing (expected 1 value)
clang: error: no input files
configure:4669: $? = 1
configure:4658: /Users/pritesh/Development/Libraries/CallDetectionExample/node_modules/react-native/./ios-cc.sh -qversion >&5
++ xcrun -find -sdk iphoneos cc
++ xcrun -sdk iphoneos --show-sdk-path
+ exec /Applications/Xcode.app/Contents/Developer/Toolchains/XcodeDefault.xctoolchain/usr/bin/cc -arch armv7 -isysroot /Applications/Xcode.app/Contents/Developer/Platforms/iPhoneOS.platform/Developer/SDKs/iPhoneOS10.3.sdk -qversion
clang: error: unknown argument: '-qversion'
clang: error: no input files
configure:4669: $? = 1
configure:4673: checking whether we are using the GNU C++ compiler
configure:4692: /Users/pritesh/Development/Libraries/CallDetectionExample/node_modules/react-native/./ios-cc.sh -c   conftest.cpp >&5
configure:4692: $? = 0
configure:4701: result: yes
configure:4710: checking whether /Users/pritesh/Development/Libraries/CallDetectionExample/node_modules/react-native/./ios-cc.sh accepts -g
configure:4730: /Users/pritesh/Development/Libraries/CallDetectionExample/node_modules/react-native/./ios-cc.sh -c -g  conftest.cpp >&5
configure:4730: $? = 0
configure:4771: result: yes
configure:4796: checking dependency style of /Users/pritesh/Development/Libraries/CallDetectionExample/node_modules/react-native/./ios-cc.sh
configure:4907: result: gcc3
configure:4960: checking build system type
configure:4974: result: i386-apple-darwin16.5.0
configure:4994: checking host system type
configure:5007: result: arm-apple-darwin
configure:5048: checking how to print strings
configure:5075: result: printf
configure:5096: checking for a sed that does not truncate output
configure:5160: result: /usr/bin/sed
configure:5178: checking for grep that handles long lines and -e
configure:5236: result: /usr/bin/grep
configure:5241: checking for egrep
configure:5303: result: /usr/bin/grep -E
configure:5308: checking for fgrep
configure:5370: result: /usr/bin/grep -F
configure:5405: checking for ld used by /Users/pritesh/Development/Libraries/CallDetectionExample/node_modules/react-native/./ios-cc.sh
++ xcrun -find -sdk iphoneos cc
++ xcrun -sdk iphoneos --show-sdk-path
+ exec /Applications/Xcode.app/Contents/Developer/Toolchains/XcodeDefault.xctoolchain/usr/bin/cc -arch armv7 -isysroot /Applications/Xcode.app/Contents/Developer/Platforms/iPhoneOS.platform/Developer/SDKs/iPhoneOS10.3.sdk -print-prog-name=ld
configure:5472: result: /Applications/Xcode.app/Contents/Developer/Toolchains/XcodeDefault.xctoolchain/usr/bin/ld
configure:5479: checking if the linker (/Applications/Xcode.app/Contents/Developer/Toolchains/XcodeDefault.xctoolchain/usr/bin/ld) is GNU ld
configure:5494: result: no
configure:5506: checking for BSD- or MS-compatible name lister (nm)
configure:5555: result: no
configure:5569: checking for arm-apple-darwin-dumpbin
configure:5599: result: no
configure:5569: checking for arm-apple-darwin-link
configure:5599: result: no
configure:5613: checking for dumpbin
configure:5643: result: no
configure:5613: checking for link
configure:5629: found /bin/link
configure:5640: result: link -dump
configure:5656: WARNING: using cross tools not prefixed with host triplet
configure:5685: checking the name lister (nm) interface
configure:5692: /Users/pritesh/Development/Libraries/CallDetectionExample/node_modules/react-native/./ios-cc.sh -c -g -O2  conftest.cpp >&5
++ xcrun -find -sdk iphoneos cc
++ xcrun -sdk iphoneos --show-sdk-path
+ exec /Applications/Xcode.app/Contents/Developer/Toolchains/XcodeDefault.xctoolchain/usr/bin/cc -arch armv7 -isysroot /Applications/Xcode.app/Contents/Developer/Platforms/iPhoneOS.platform/Developer/SDKs/iPhoneOS10.3.sdk -c -g -O2 conftest.cpp
configure:5695: nm "conftest.o"
configure:5698: output
0000023c S _some_variable
configure:5705: result: BSD nm
configure:5708: checking whether ln -s works
configure:5712: result: yes
configure:5720: checking the maximum length of command line arguments
configure:5850: result: 196608
configure:5867: checking whether the shell understands some XSI constructs
configure:5877: result: yes
configure:5881: checking whether the shell understands "+="
configure:5887: result: yes
configure:5922: checking how to convert i386-apple-darwin16.5.0 file names to arm-apple-darwin format
configure:5962: result: func_convert_file_noop
configure:5969: checking how to convert i386-apple-darwin16.5.0 file names to toolchain format
configure:5989: result: func_convert_file_noop
configure:5996: checking for /Applications/Xcode.app/Contents/Developer/Toolchains/XcodeDefault.xctoolchain/usr/bin/ld option to reload object files
configure:6003: result: -r
configure:6037: checking for arm-apple-darwin-objdump
configure:6067: result: no
configure:6077: checking for objdump
configure:6093: found /Applications/Xcode.app/Contents/Developer/Toolchains/XcodeDefault.xctoolchain/usr/bin/objdump
configure:6104: result: objdump
configure:6136: checking how to recognize dependent libraries
configure:6338: result: pass_all
configure:6383: checking for arm-apple-darwin-dlltool
configure:6413: result: no
configure:6423: checking for dlltool
configure:6453: result: no
configure:6483: checking how to associate runtime and link libraries
configure:6510: result: printf %s\n
configure:6527: checking for arm-apple-darwin-ar
configure:6557: result: no
configure:6571: checking for ar
configure:6587: found /Applications/Xcode.app/Contents/Developer/Toolchains/XcodeDefault.xctoolchain/usr/bin/ar
configure:6598: result: ar
configure:6635: checking for archiver @FILE support
configure:6652: /Users/pritesh/Development/Libraries/CallDetectionExample/node_modules/react-native/./ios-cc.sh -c -g -O2  conftest.cpp >&5
configure:6652: $? = 0
configure:6655: ar cru libconftest.a @conftest.lst >&5
ar: @conftest.lst: No such file or directory
configure:6658: $? = 1
configure:6678: result: no
configure:6696: checking for arm-apple-darwin-strip
configure:6723: result: strip
configure:6795: checking for arm-apple-darwin-ranlib
configure:6825: result: no
configure:6835: checking for ranlib
configure:6851: found /Applications/Xcode.app/Contents/Developer/Toolchains/XcodeDefault.xctoolchain/usr/bin/ranlib
configure:6862: result: ranlib
configure:6964: checking command to parse nm output from /Users/pritesh/Development/Libraries/CallDetectionExample/node_modules/react-native/./ios-cc.sh object
configure:7084: /Users/pritesh/Development/Libraries/CallDetectionExample/node_modules/react-native/./ios-cc.sh -c -g -O2  conftest.cpp >&5
++ xcrun -find -sdk iphoneos cc
++ xcrun -sdk iphoneos --show-sdk-path
+ exec /Applications/Xcode.app/Contents/Developer/Toolchains/XcodeDefault.xctoolchain/usr/bin/cc -arch armv7 -isysroot /Applications/Xcode.app/Contents/Developer/Platforms/iPhoneOS.platform/Developer/SDKs/iPhoneOS10.3.sdk -c -g -O2 conftest.cpp
configure:7087: $? = 0
configure:7091: nm conftest.o \| sed -n -e 's/^.*[ ]\([BCDEGRST][BCDEGRST]*\)[ ][ ]*\([_A-Za-z][_A-Za-z0-9]*\)$/\1 \2 \2/p' | sed '/ __gnu_lto/d' \> conftest.nm
configure:7094: $? = 0
cannot find nm_test_var in conftest.nm
configure:7084: /Users/pritesh/Development/Libraries/CallDetectionExample/node_modules/react-native/./ios-cc.sh -c -g -O2  conftest.cpp >&5
++ xcrun -find -sdk iphoneos cc
++ xcrun -sdk iphoneos --show-sdk-path
+ exec /Applications/Xcode.app/Contents/Developer/Toolchains/XcodeDefault.xctoolchain/usr/bin/cc -arch armv7 -isysroot /Applications/Xcode.app/Contents/Developer/Platforms/iPhoneOS.platform/Developer/SDKs/iPhoneOS10.3.sdk -c -g -O2 conftest.cpp
configure:7087: $? = 0
configure:7091: nm conftest.o \| sed -n -e 's/^.*[ ]\([BCDEGRST][BCDEGRST]*\)[ ][ ]*_\([_A-Za-z][_A-Za-z0-9]*\)$/\1 _\2 \2/p' | sed '/ __gnu_lto/d' \> conftest.nm
configure:7094: $? = 0
configure:7160: /Users/pritesh/Development/Libraries/CallDetectionExample/node_modules/react-native/./ios-cc.sh -o conftest -g -O2   conftest.cpp conftstm.o >&5
++ xcrun -find -sdk iphoneos cc
++ xcrun -sdk iphoneos --show-sdk-path
+ exec /Applications/Xcode.app/Contents/Developer/Toolchains/XcodeDefault.xctoolchain/usr/bin/cc -arch armv7 -isysroot /Applications/Xcode.app/Contents/Developer/Platforms/iPhoneOS.platform/Developer/SDKs/iPhoneOS10.3.sdk -o conftest -g -O2 conftest.cpp conftstm.o
configure:7163: $? = 0
configure:7201: result: ok
configure:7238: checking for sysroot
configure:7268: result: no
configure:7485: checking for arm-apple-darwin-mt
configure:7515: result: no
configure:7525: checking for mt
configure:7555: result: no
configure:7575: checking if : is a manifest tool
configure:7581: : '-?'
configure:7589: result: no
configure:7605: checking for arm-apple-darwin-dsymutil
configure:7635: result: no
configure:7645: checking for dsymutil
configure:7661: found /Applications/Xcode.app/Contents/Developer/Toolchains/XcodeDefault.xctoolchain/usr/bin/dsymutil
configure:7672: result: dsymutil
configure:7697: checking for arm-apple-darwin-nmedit
configure:7727: result: no
configure:7737: checking for nmedit
configure:7753: found /Applications/Xcode.app/Contents/Developer/Toolchains/XcodeDefault.xctoolchain/usr/bin/nmedit
configure:7764: result: nmedit
configure:7789: checking for arm-apple-darwin-lipo
configure:7819: result: no
configure:7829: checking for lipo
configure:7845: found /Applications/Xcode.app/Contents/Developer/Toolchains/XcodeDefault.xctoolchain/usr/bin/lipo
configure:7856: result: lipo
configure:7881: checking for arm-apple-darwin-otool
configure:7911: result: no
configure:7921: checking for otool
configure:7937: found /Applications/Xcode.app/Contents/Developer/Toolchains/XcodeDefault.xctoolchain/usr/bin/otool
configure:7948: result: otool
configure:7973: checking for arm-apple-darwin-otool64
configure:8003: result: no
configure:8013: checking for otool64
configure:8043: result: no
configure:8088: checking for -single_module linker flag
/Users/pritesh/Development/Libraries/CallDetectionExample/node_modules/react-native/./ios-cc.sh -g -O2  -o libconftest.dylib -dynamiclib -Wl,-single_module conftest.c
++ xcrun -find -sdk iphoneos cc
++ xcrun -sdk iphoneos --show-sdk-path
+ exec /Applications/Xcode.app/Contents/Developer/Toolchains/XcodeDefault.xctoolchain/usr/bin/cc -arch armv7 -isysroot /Applications/Xcode.app/Contents/Developer/Platforms/iPhoneOS.platform/Developer/SDKs/iPhoneOS10.3.sdk -g -O2 -o libconftest.dylib -dynamiclib -Wl,-single_module conftest.c
configure:8121: result: no
configure:8124: checking for -exported_symbols_list linker flag
configure:8144: /Users/pritesh/Development/Libraries/CallDetectionExample/node_modules/react-native/./ios-cc.sh -o conftest -g -O2   -Wl,-exported_symbols_list,conftest.sym conftest.cpp  >&5
configure:8144: $? = 0
configure:8154: result: yes
configure:8157: checking for -force_load linker flag
/Users/pritesh/Development/Libraries/CallDetectionExample/node_modules/react-native/./ios-cc.sh -g -O2 -c -o conftest.o conftest.c
++ xcrun -find -sdk iphoneos cc
++ xcrun -sdk iphoneos --show-sdk-path
+ exec /Applications/Xcode.app/Contents/Developer/Toolchains/XcodeDefault.xctoolchain/usr/bin/cc -arch armv7 -isysroot /Applications/Xcode.app/Contents/Developer/Platforms/iPhoneOS.platform/Developer/SDKs/iPhoneOS10.3.sdk -g -O2 -c -o conftest.o conftest.c
ar cru libconftest.a conftest.o
ranlib libconftest.a
/Users/pritesh/Development/Libraries/CallDetectionExample/node_modules/react-native/./ios-cc.sh -g -O2  -o conftest conftest.c -Wl,-force_load,./libconftest.a
++ xcrun -find -sdk iphoneos cc
++ xcrun -sdk iphoneos --show-sdk-path
+ exec /Applications/Xcode.app/Contents/Developer/Toolchains/XcodeDefault.xctoolchain/usr/bin/cc -arch armv7 -isysroot /Applications/Xcode.app/Contents/Developer/Platforms/iPhoneOS.platform/Developer/SDKs/iPhoneOS10.3.sdk -g -O2 -o conftest conftest.c -Wl,-force_load,./libconftest.a
warning: (armv7)  could not find object file symbol for symbol _forced_loaded
configure:8189: result: no
configure:8227: checking for ANSI C header files
configure:8247: /Users/pritesh/Development/Libraries/CallDetectionExample/node_modules/react-native/./ios-cc.sh -c -g -O2  conftest.cpp >&5
configure:8247: $? = 0
./configure: line 8261: conftest.cpp: command not found
configure:8331: result: no
configure:8344: checking for sys/types.h
configure:8344: /Users/pritesh/Development/Libraries/CallDetectionExample/node_modules/react-native/./ios-cc.sh -c -g -O2  conftest.cpp >&5
configure:8344: $? = 0
configure:8344: result: yes
configure:8344: checking for sys/stat.h
configure:8344: /Users/pritesh/Development/Libraries/CallDetectionExample/node_modules/react-native/./ios-cc.sh -c -g -O2  conftest.cpp >&5
configure:8344: $? = 0
configure:8344: result: yes
configure:8344: checking for stdlib.h
configure:8344: /Users/pritesh/Development/Libraries/CallDetectionExample/node_modules/react-native/./ios-cc.sh -c -g -O2  conftest.cpp >&5
configure:8344: $? = 0
configure:8344: result: yes
configure:8344: checking for string.h
configure:8344: /Users/pritesh/Development/Libraries/CallDetectionExample/node_modules/react-native/./ios-cc.sh -c -g -O2  conftest.cpp >&5
configure:8344: $? = 0
configure:8344: result: yes
configure:8344: checking for memory.h
configure:8344: /Users/pritesh/Development/Libraries/CallDetectionExample/node_modules/react-native/./ios-cc.sh -c -g -O2  conftest.cpp >&5
configure:8344: $? = 0
configure:8344: result: yes
configure:8344: checking for strings.h
configure:8344: /Users/pritesh/Development/Libraries/CallDetectionExample/node_modules/react-native/./ios-cc.sh -c -g -O2  conftest.cpp >&5
configure:8344: $? = 0
configure:8344: result: yes
configure:8344: checking for inttypes.h
configure:8344: /Users/pritesh/Development/Libraries/CallDetectionExample/node_modules/react-native/./ios-cc.sh -c -g -O2  conftest.cpp >&5
configure:8344: $? = 0
configure:8344: result: yes
configure:8344: checking for stdint.h
configure:8344: /Users/pritesh/Development/Libraries/CallDetectionExample/node_modules/react-native/./ios-cc.sh -c -g -O2  conftest.cpp >&5
configure:8344: $? = 0
configure:8344: result: yes
configure:8344: checking for unistd.h
configure:8344: /Users/pritesh/Development/Libraries/CallDetectionExample/node_modules/react-native/./ios-cc.sh -c -g -O2  conftest.cpp >&5
configure:8344: $? = 0
configure:8344: result: yes
configure:8358: checking for dlfcn.h
configure:8358: /Users/pritesh/Development/Libraries/CallDetectionExample/node_modules/react-native/./ios-cc.sh -c -g -O2  conftest.cpp >&5
configure:8358: $? = 0
configure:8358: result: yes
configure:8574: checking for objdir
configure:8589: result: .libs
configure:8860: checking if /Users/pritesh/Development/Libraries/CallDetectionExample/node_modules/react-native/./ios-cc.sh supports -fno-rtti -fno-exceptions
configure:8878: /Users/pritesh/Development/Libraries/CallDetectionExample/node_modules/react-native/./ios-cc.sh -c -g -O2  -fno-rtti -fno-exceptions conftest.c >&5
++ xcrun -find -sdk iphoneos cc
++ xcrun -sdk iphoneos --show-sdk-path
+ exec /Applications/Xcode.app/Contents/Developer/Toolchains/XcodeDefault.xctoolchain/usr/bin/cc -arch armv7 -isysroot /Applications/Xcode.app/Contents/Developer/Platforms/iPhoneOS.platform/Developer/SDKs/iPhoneOS10.3.sdk -c -g -O2 -fno-rtti -fno-exceptions conftest.c
configure:8882: $? = 0
configure:8895: result: yes
configure:9222: checking for /Users/pritesh/Development/Libraries/CallDetectionExample/node_modules/react-native/./ios-cc.sh option to produce PIC
configure:9229: result: -fno-common -DPIC
configure:9237: checking if /Users/pritesh/Development/Libraries/CallDetectionExample/node_modules/react-native/./ios-cc.sh PIC flag -fno-common -DPIC works
configure:9255: /Users/pritesh/Development/Libraries/CallDetectionExample/node_modules/react-native/./ios-cc.sh -c -g -O2  -fno-common -DPIC -DPIC conftest.c >&5
++ xcrun -find -sdk iphoneos cc
++ xcrun -sdk iphoneos --show-sdk-path
+ exec /Applications/Xcode.app/Contents/Developer/Toolchains/XcodeDefault.xctoolchain/usr/bin/cc -arch armv7 -isysroot /Applications/Xcode.app/Contents/Developer/Platforms/iPhoneOS.platform/Developer/SDKs/iPhoneOS10.3.sdk -c -g -O2 -fno-common -DPIC -DPIC conftest.c
configure:9259: $? = 0
configure:9272: result: yes
configure:9301: checking if /Users/pritesh/Development/Libraries/CallDetectionExample/node_modules/react-native/./ios-cc.sh static flag -static works
configure:9329: result: no
configure:9344: checking if /Users/pritesh/Development/Libraries/CallDetectionExample/node_modules/react-native/./ios-cc.sh supports -c -o file.o
configure:9365: /Users/pritesh/Development/Libraries/CallDetectionExample/node_modules/react-native/./ios-cc.sh -c -g -O2  -o out/conftest2.o conftest.c >&5
++ xcrun -find -sdk iphoneos cc
++ xcrun -sdk iphoneos --show-sdk-path
+ exec /Applications/Xcode.app/Contents/Developer/Toolchains/XcodeDefault.xctoolchain/usr/bin/cc -arch armv7 -isysroot /Applications/Xcode.app/Contents/Developer/Platforms/iPhoneOS.platform/Developer/SDKs/iPhoneOS10.3.sdk -c -g -O2 -o out/conftest2.o conftest.c
configure:9369: $? = 0
configure:9391: result: yes
configure:9399: checking if /Users/pritesh/Development/Libraries/CallDetectionExample/node_modules/react-native/./ios-cc.sh supports -c -o file.o
configure:9446: result: yes
configure:9479: checking whether the /Users/pritesh/Development/Libraries/CallDetectionExample/node_modules/react-native/./ios-cc.sh linker (/Applications/Xcode.app/Contents/Developer/Toolchains/XcodeDefault.xctoolchain/usr/bin/ld) supports shared libraries
configure:10636: result: yes
configure:10876: checking dynamic linker characteristics
configure:11621: result: darwin dyld
configure:11728: checking how to hardcode library paths into programs
configure:11753: result: immediate
configure:12293: checking whether stripping libraries is possible
configure:12307: result: yes
configure:12333: checking if libtool supports shared libraries
configure:12335: result: yes
configure:12338: checking whether to build shared libraries
configure:12359: result: yes
configure:12362: checking whether to build static libraries
configure:12366: result: yes
configure:12389: checking how to run the C++ preprocessor
configure:12416: /Users/pritesh/Development/Libraries/CallDetectionExample/node_modules/react-native/./ios-cc.sh -E  conftest.cpp
configure:12416: $? = 0
configure:12430: /Users/pritesh/Development/Libraries/CallDetectionExample/node_modules/react-native/./ios-cc.sh -E  conftest.cpp
conftest.cpp:22:10: fatal error: 'ac_nonexistent.h' file not found
#include <ac_nonexistent.h>
         ^
1 error generated.
configure:12430: $? = 1
configure: failed program was:
| /* confdefs.h */
| #define PACKAGE_NAME "glog"
| #define PACKAGE_TARNAME "glog"
| #define PACKAGE_VERSION "0.3.4"
| #define PACKAGE_STRING "glog 0.3.4"
| #define PACKAGE_BUGREPORT "opensource@google.com"
| #define PACKAGE_URL ""
| #define PACKAGE "glog"
| #define VERSION "0.3.4"
| #define HAVE_SYS_TYPES_H 1
| #define HAVE_SYS_STAT_H 1
| #define HAVE_STDLIB_H 1
| #define HAVE_STRING_H 1
| #define HAVE_MEMORY_H 1
| #define HAVE_STRINGS_H 1
| #define HAVE_INTTYPES_H 1
| #define HAVE_STDINT_H 1
| #define HAVE_UNISTD_H 1
| #define HAVE_DLFCN_H 1
| #define LT_OBJDIR ".libs/"
| /* end confdefs.h.  */
| #include <ac_nonexistent.h>
configure:12455: result: /Users/pritesh/Development/Libraries/CallDetectionExample/node_modules/react-native/./ios-cc.sh -E
configure:12475: /Users/pritesh/Development/Libraries/CallDetectionExample/node_modules/react-native/./ios-cc.sh -E  conftest.cpp
configure:12475: $? = 0
configure:12489: /Users/pritesh/Development/Libraries/CallDetectionExample/node_modules/react-native/./ios-cc.sh -E  conftest.cpp
conftest.cpp:22:10: fatal error: 'ac_nonexistent.h' file not found
#include <ac_nonexistent.h>
         ^
1 error generated.
configure:12489: $? = 1
configure: failed program was:
| /* confdefs.h */
| #define PACKAGE_NAME "glog"
| #define PACKAGE_TARNAME "glog"
| #define PACKAGE_VERSION "0.3.4"
| #define PACKAGE_STRING "glog 0.3.4"
| #define PACKAGE_BUGREPORT "opensource@google.com"
| #define PACKAGE_URL ""
| #define PACKAGE "glog"
| #define VERSION "0.3.4"
| #define HAVE_SYS_TYPES_H 1
| #define HAVE_SYS_STAT_H 1
| #define HAVE_STDLIB_H 1
| #define HAVE_STRING_H 1
| #define HAVE_MEMORY_H 1
| #define HAVE_STRINGS_H 1
| #define HAVE_INTTYPES_H 1
| #define HAVE_STDINT_H 1
| #define HAVE_UNISTD_H 1
| #define HAVE_DLFCN_H 1
| #define LT_OBJDIR ".libs/"
| /* end confdefs.h.  */
| #include <ac_nonexistent.h>
configure:12658: checking for ld used by /Users/pritesh/Development/Libraries/CallDetectionExample/node_modules/react-native/./ios-cc.sh
++ xcrun -find -sdk iphoneos cc
++ xcrun -sdk iphoneos --show-sdk-path
+ exec /Applications/Xcode.app/Contents/Developer/Toolchains/XcodeDefault.xctoolchain/usr/bin/cc -arch armv7 -isysroot /Applications/Xcode.app/Contents/Developer/Platforms/iPhoneOS.platform/Developer/SDKs/iPhoneOS10.3.sdk -print-prog-name=ld
configure:12725: result: /Applications/Xcode.app/Contents/Developer/Toolchains/XcodeDefault.xctoolchain/usr/bin/ld
configure:12732: checking if the linker (/Applications/Xcode.app/Contents/Developer/Toolchains/XcodeDefault.xctoolchain/usr/bin/ld) is GNU ld
configure:12747: result: no
configure:12802: checking whether the /Users/pritesh/Development/Libraries/CallDetectionExample/node_modules/react-native/./ios-cc.sh linker (/Applications/Xcode.app/Contents/Developer/Toolchains/XcodeDefault.xctoolchain/usr/bin/ld) supports shared libraries
configure:13807: result: yes
configure:13843: /Users/pritesh/Development/Libraries/CallDetectionExample/node_modules/react-native/./ios-cc.sh -c -g -O2  conftest.cpp >&5
++ xcrun -find -sdk iphoneos cc
++ xcrun -sdk iphoneos --show-sdk-path
+ exec /Applications/Xcode.app/Contents/Developer/Toolchains/XcodeDefault.xctoolchain/usr/bin/cc -arch armv7 -isysroot /Applications/Xcode.app/Contents/Developer/Platforms/iPhoneOS.platform/Developer/SDKs/iPhoneOS10.3.sdk -c -g -O2 conftest.cpp
configure:13846: $? = 0
configure:14366: checking for /Users/pritesh/Development/Libraries/CallDetectionExample/node_modules/react-native/./ios-cc.sh option to produce PIC
configure:14373: result: -fno-common -DPIC
configure:14381: checking if /Users/pritesh/Development/Libraries/CallDetectionExample/node_modules/react-native/./ios-cc.sh PIC flag -fno-common -DPIC works
configure:14399: /Users/pritesh/Development/Libraries/CallDetectionExample/node_modules/react-native/./ios-cc.sh -c -g -O2  -fno-common -DPIC -DPIC conftest.cpp >&5
++ xcrun -find -sdk iphoneos cc
++ xcrun -sdk iphoneos --show-sdk-path
+ exec /Applications/Xcode.app/Contents/Developer/Toolchains/XcodeDefault.xctoolchain/usr/bin/cc -arch armv7 -isysroot /Applications/Xcode.app/Contents/Developer/Platforms/iPhoneOS.platform/Developer/SDKs/iPhoneOS10.3.sdk -c -g -O2 -fno-common -DPIC -DPIC conftest.cpp
configure:14403: $? = 0
configure:14416: result: yes
configure:14439: checking if /Users/pritesh/Development/Libraries/CallDetectionExample/node_modules/react-native/./ios-cc.sh static flag -static works
configure:14467: result: no
configure:14479: checking if /Users/pritesh/Development/Libraries/CallDetectionExample/node_modules/react-native/./ios-cc.sh supports -c -o file.o
configure:14500: /Users/pritesh/Development/Libraries/CallDetectionExample/node_modules/react-native/./ios-cc.sh -c -g -O2  -o out/conftest2.o conftest.cpp >&5
++ xcrun -find -sdk iphoneos cc
++ xcrun -sdk iphoneos --show-sdk-path
+ exec /Applications/Xcode.app/Contents/Developer/Toolchains/XcodeDefault.xctoolchain/usr/bin/cc -arch armv7 -isysroot /Applications/Xcode.app/Contents/Developer/Platforms/iPhoneOS.platform/Developer/SDKs/iPhoneOS10.3.sdk -c -g -O2 -o out/conftest2.o conftest.cpp
configure:14504: $? = 0
configure:14526: result: yes
configure:14531: checking if /Users/pritesh/Development/Libraries/CallDetectionExample/node_modules/react-native/./ios-cc.sh supports -c -o file.o
configure:14578: result: yes
configure:14608: checking whether the /Users/pritesh/Development/Libraries/CallDetectionExample/node_modules/react-native/./ios-cc.sh linker (/Applications/Xcode.app/Contents/Developer/Toolchains/XcodeDefault.xctoolchain/usr/bin/ld) supports shared libraries
configure:14647: result: yes
configure:14788: checking dynamic linker characteristics
configure:15467: result: darwin dyld
configure:15520: checking how to hardcode library paths into programs
configure:15545: result: immediate
configure:15610: checking for ANSI C header files
configure:15714: result: no
configure:15724: checking for stdint.h
configure:15724: result: yes
configure:15732: checking for sys/types.h
configure:15732: result: yes
configure:15740: checking for inttypes.h
configure:15740: result: yes
configure:15750: checking for unistd.h
configure:15750: result: yes
configure:15764: checking syscall.h usability
configure:15764: /Users/pritesh/Development/Libraries/CallDetectionExample/node_modules/react-native/./ios-cc.sh -c -g -O2  conftest.cpp >&5
conftest.cpp:56:10: fatal error: 'syscall.h' file not found
#include <syscall.h>
         ^
1 error generated.
configure:15764: $? = 1
configure: failed program was:
| /* confdefs.h */
| #define PACKAGE_NAME "glog"
| #define PACKAGE_TARNAME "glog"
| #define PACKAGE_VERSION "0.3.4"
| #define PACKAGE_STRING "glog 0.3.4"
| #define PACKAGE_BUGREPORT "opensource@google.com"
| #define PACKAGE_URL ""
| #define PACKAGE "glog"
| #define VERSION "0.3.4"
| #define HAVE_SYS_TYPES_H 1
| #define HAVE_SYS_STAT_H 1
| #define HAVE_STDLIB_H 1
| #define HAVE_STRING_H 1
| #define HAVE_MEMORY_H 1
| #define HAVE_STRINGS_H 1
| #define HAVE_INTTYPES_H 1
| #define HAVE_STDINT_H 1
| #define HAVE_UNISTD_H 1
| #define HAVE_DLFCN_H 1
| #define LT_OBJDIR ".libs/"
| #define HAVE_UNISTD_H 1
| /* end confdefs.h.  */
| #include <stdio.h>
| #ifdef HAVE_SYS_TYPES_H
| # include <sys/types.h>
| #endif
| #ifdef HAVE_SYS_STAT_H
| # include <sys/stat.h>
| #endif
| #ifdef STDC_HEADERS
| # include <stdlib.h>
| # include <stddef.h>
| #else
| # ifdef HAVE_STDLIB_H
| #  include <stdlib.h>
| # endif
| #endif
| #ifdef HAVE_STRING_H
| # if !defined STDC_HEADERS && defined HAVE_MEMORY_H
| #  include <memory.h>
| # endif
| # include <string.h>
| #endif
| #ifdef HAVE_STRINGS_H
| # include <strings.h>
| #endif
| #ifdef HAVE_INTTYPES_H
| # include <inttypes.h>
| #endif
| #ifdef HAVE_STDINT_H
| # include <stdint.h>
| #endif
| #ifdef HAVE_UNISTD_H
| # include <unistd.h>
| #endif
| #include <syscall.h>
configure:15764: result: no
configure:15764: checking syscall.h presence
configure:15764: /Users/pritesh/Development/Libraries/CallDetectionExample/node_modules/react-native/./ios-cc.sh -E  conftest.cpp
conftest.cpp:23:10: fatal error: 'syscall.h' file not found
#include <syscall.h>
         ^
1 error generated.
configure:15764: $? = 1
configure: failed program was:
| /* confdefs.h */
| #define PACKAGE_NAME "glog"
| #define PACKAGE_TARNAME "glog"
| #define PACKAGE_VERSION "0.3.4"
| #define PACKAGE_STRING "glog 0.3.4"
| #define PACKAGE_BUGREPORT "opensource@google.com"
| #define PACKAGE_URL ""
| #define PACKAGE "glog"
| #define VERSION "0.3.4"
| #define HAVE_SYS_TYPES_H 1
| #define HAVE_SYS_STAT_H 1
| #define HAVE_STDLIB_H 1
| #define HAVE_STRING_H 1
| #define HAVE_MEMORY_H 1
| #define HAVE_STRINGS_H 1
| #define HAVE_INTTYPES_H 1
| #define HAVE_STDINT_H 1
| #define HAVE_UNISTD_H 1
| #define HAVE_DLFCN_H 1
| #define LT_OBJDIR ".libs/"
| #define HAVE_UNISTD_H 1
| /* end confdefs.h.  */
| #include <syscall.h>
configure:15764: result: no
configure:15764: checking for syscall.h
configure:15764: result: no
configure:15776: checking sys/syscall.h usability
configure:15776: /Users/pritesh/Development/Libraries/CallDetectionExample/node_modules/react-native/./ios-cc.sh -c -g -O2  conftest.cpp >&5
configure:15776: $? = 0
configure:15776: result: yes
configure:15776: checking sys/syscall.h presence
configure:15776: /Users/pritesh/Development/Libraries/CallDetectionExample/node_modules/react-native/./ios-cc.sh -E  conftest.cpp
configure:15776: $? = 0
configure:15776: result: yes
configure:15776: checking for sys/syscall.h
configure:15776: result: yes
configure:15789: checking execinfo.h usability
configure:15789: /Users/pritesh/Development/Libraries/CallDetectionExample/node_modules/react-native/./ios-cc.sh -c -g -O2  conftest.cpp >&5
configure:15789: $? = 0
configure:15789: result: yes
configure:15789: checking execinfo.h presence
configure:15789: /Users/pritesh/Development/Libraries/CallDetectionExample/node_modules/react-native/./ios-cc.sh -E  conftest.cpp
configure:15789: $? = 0
configure:15789: result: yes
configure:15789: checking for execinfo.h
configure:15789: result: yes
configure:15802: checking libunwind.h usability
configure:15802: /Users/pritesh/Development/Libraries/CallDetectionExample/node_modules/react-native/./ios-cc.sh -c -g -O2  conftest.cpp >&5
configure:15802: $? = 0
configure:15802: result: yes
configure:15802: checking libunwind.h presence
configure:15802: /Users/pritesh/Development/Libraries/CallDetectionExample/node_modules/react-native/./ios-cc.sh -E  conftest.cpp
configure:15802: $? = 0
configure:15802: result: yes
configure:15802: checking for libunwind.h
configure:15802: result: yes
configure:15816: checking ucontext.h usability
configure:15816: /Users/pritesh/Development/Libraries/CallDetectionExample/node_modules/react-native/./ios-cc.sh -c -g -O2  conftest.cpp >&5
In file included from conftest.cpp:59:
/Applications/Xcode.app/Contents/Developer/Platforms/iPhoneOS.platform/Developer/SDKs/iPhoneOS10.3.sdk/usr/include/ucontext.h:43:2: error: The deprecated ucontext routines require _XOPEN_SOURCE to be defined
#error The deprecated ucontext routines require _XOPEN_SOURCE to be defined
 ^
1 error generated.
configure:15816: $? = 1
configure: failed program was:
| /* confdefs.h */
| #define PACKAGE_NAME "glog"
| #define PACKAGE_TARNAME "glog"
| #define PACKAGE_VERSION "0.3.4"
| #define PACKAGE_STRING "glog 0.3.4"
| #define PACKAGE_BUGREPORT "opensource@google.com"
| #define PACKAGE_URL ""
| #define PACKAGE "glog"
| #define VERSION "0.3.4"
| #define HAVE_SYS_TYPES_H 1
| #define HAVE_SYS_STAT_H 1
| #define HAVE_STDLIB_H 1
| #define HAVE_STRING_H 1
| #define HAVE_MEMORY_H 1
| #define HAVE_STRINGS_H 1
| #define HAVE_INTTYPES_H 1
| #define HAVE_STDINT_H 1
| #define HAVE_UNISTD_H 1
| #define HAVE_DLFCN_H 1
| #define LT_OBJDIR ".libs/"
| #define HAVE_UNISTD_H 1
| #define HAVE_SYS_SYSCALL_H 1
| #define HAVE_EXECINFO_H 1
| #define HAVE_LIBUNWIND_H 1
| /* end confdefs.h.  */
| #include <stdio.h>
| #ifdef HAVE_SYS_TYPES_H
| # include <sys/types.h>
| #endif
| #ifdef HAVE_SYS_STAT_H
| # include <sys/stat.h>
| #endif
| #ifdef STDC_HEADERS
| # include <stdlib.h>
| # include <stddef.h>
| #else
| # ifdef HAVE_STDLIB_H
| #  include <stdlib.h>
| # endif
| #endif
| #ifdef HAVE_STRING_H
| # if !defined STDC_HEADERS && defined HAVE_MEMORY_H
| #  include <memory.h>
| # endif
| # include <string.h>
| #endif
| #ifdef HAVE_STRINGS_H
| # include <strings.h>
| #endif
| #ifdef HAVE_INTTYPES_H
| # include <inttypes.h>
| #endif
| #ifdef HAVE_STDINT_H
| # include <stdint.h>
| #endif
| #ifdef HAVE_UNISTD_H
| # include <unistd.h>
| #endif
| #include <ucontext.h>
configure:15816: result: no
configure:15816: checking ucontext.h presence
configure:15816: /Users/pritesh/Development/Libraries/CallDetectionExample/node_modules/react-native/./ios-cc.sh -E  conftest.cpp
In file included from conftest.cpp:26:
/Applications/Xcode.app/Contents/Developer/Platforms/iPhoneOS.platform/Developer/SDKs/iPhoneOS10.3.sdk/usr/include/ucontext.h:43:2: error: The deprecated ucontext routines require _XOPEN_SOURCE to be defined
#error The deprecated ucontext routines require _XOPEN_SOURCE to be defined
 ^
1 error generated.
configure:15816: $? = 1
configure: failed program was:
| /* confdefs.h */
| #define PACKAGE_NAME "glog"
| #define PACKAGE_TARNAME "glog"
| #define PACKAGE_VERSION "0.3.4"
| #define PACKAGE_STRING "glog 0.3.4"
| #define PACKAGE_BUGREPORT "opensource@google.com"
| #define PACKAGE_URL ""
| #define PACKAGE "glog"
| #define VERSION "0.3.4"
| #define HAVE_SYS_TYPES_H 1
| #define HAVE_SYS_STAT_H 1
| #define HAVE_STDLIB_H 1
| #define HAVE_STRING_H 1
| #define HAVE_MEMORY_H 1
| #define HAVE_STRINGS_H 1
| #define HAVE_INTTYPES_H 1
| #define HAVE_STDINT_H 1
| #define HAVE_UNISTD_H 1
| #define HAVE_DLFCN_H 1
| #define LT_OBJDIR ".libs/"
| #define HAVE_UNISTD_H 1
| #define HAVE_SYS_SYSCALL_H 1
| #define HAVE_EXECINFO_H 1
| #define HAVE_LIBUNWIND_H 1
| /* end confdefs.h.  */
| #include <ucontext.h>
configure:15816: result: no
configure:15816: checking for ucontext.h
configure:15816: result: no
configure:15828: checking sys/utsname.h usability
configure:15828: /Users/pritesh/Development/Libraries/CallDetectionExample/node_modules/react-native/./ios-cc.sh -c -g -O2  conftest.cpp >&5
configure:15828: $? = 0
configure:15828: result: yes
configure:15828: checking sys/utsname.h presence
configure:15828: /Users/pritesh/Development/Libraries/CallDetectionExample/node_modules/react-native/./ios-cc.sh -E  conftest.cpp
configure:15828: $? = 0
configure:15828: result: yes
configure:15828: checking for sys/utsname.h
configure:15828: result: yes
configure:15840: checking pwd.h usability
configure:15840: /Users/pritesh/Development/Libraries/CallDetectionExample/node_modules/react-native/./ios-cc.sh -c -g -O2  conftest.cpp >&5
configure:15840: $? = 0
configure:15840: result: yes
configure:15840: checking pwd.h presence
configure:15840: /Users/pritesh/Development/Libraries/CallDetectionExample/node_modules/react-native/./ios-cc.sh -E  conftest.cpp
configure:15840: $? = 0
configure:15840: result: yes
configure:15840: checking for pwd.h
configure:15840: result: yes
configure:15852: checking syslog.h usability
configure:15852: /Users/pritesh/Development/Libraries/CallDetectionExample/node_modules/react-native/./ios-cc.sh -c -g -O2  conftest.cpp >&5
configure:15852: $? = 0
configure:15852: result: yes
configure:15852: checking syslog.h presence
configure:15852: /Users/pritesh/Development/Libraries/CallDetectionExample/node_modules/react-native/./ios-cc.sh -E  conftest.cpp
configure:15852: $? = 0
configure:15852: result: yes
configure:15852: checking for syslog.h
configure:15852: result: yes
configure:15864: checking sys/time.h usability
configure:15864: /Users/pritesh/Development/Libraries/CallDetectionExample/node_modules/react-native/./ios-cc.sh -c -g -O2  conftest.cpp >&5
configure:15864: $? = 0
configure:15864: result: yes
configure:15864: checking sys/time.h presence
configure:15864: /Users/pritesh/Development/Libraries/CallDetectionExample/node_modules/react-native/./ios-cc.sh -E  conftest.cpp
configure:15864: $? = 0
configure:15864: result: yes
configure:15864: checking for sys/time.h
configure:15864: result: yes
configure:15876: checking glob.h usability
configure:15876: /Users/pritesh/Development/Libraries/CallDetectionExample/node_modules/react-native/./ios-cc.sh -c -g -O2  conftest.cpp >&5
configure:15876: $? = 0
configure:15876: result: yes
configure:15876: checking glob.h presence
configure:15876: /Users/pritesh/Development/Libraries/CallDetectionExample/node_modules/react-native/./ios-cc.sh -E  conftest.cpp
configure:15876: $? = 0
configure:15876: result: yes
configure:15876: checking for glob.h
configure:15876: result: yes
configure:15889: checking unwind.h usability
configure:15889: /Users/pritesh/Development/Libraries/CallDetectionExample/node_modules/react-native/./ios-cc.sh -c -g -O2  conftest.cpp >&5
configure:15889: $? = 0
configure:15889: result: yes
configure:15889: checking unwind.h presence
configure:15889: /Users/pritesh/Development/Libraries/CallDetectionExample/node_modules/react-native/./ios-cc.sh -E  conftest.cpp
configure:15889: $? = 0
configure:15889: result: yes
configure:15889: checking for unwind.h
configure:15889: result: yes
configure:15900: checking windows.h usability
configure:15900: /Users/pritesh/Development/Libraries/CallDetectionExample/node_modules/react-native/./ios-cc.sh -c -g -O2  conftest.cpp >&5
conftest.cpp:65:10: fatal error: 'windows.h' file not found
#include <windows.h>
         ^
1 error generated.
configure:15900: $? = 1
configure: failed program was:
| /* confdefs.h */
| #define PACKAGE_NAME "glog"
| #define PACKAGE_TARNAME "glog"
| #define PACKAGE_VERSION "0.3.4"
| #define PACKAGE_STRING "glog 0.3.4"
| #define PACKAGE_BUGREPORT "opensource@google.com"
| #define PACKAGE_URL ""
| #define PACKAGE "glog"
| #define VERSION "0.3.4"
| #define HAVE_SYS_TYPES_H 1
| #define HAVE_SYS_STAT_H 1
| #define HAVE_STDLIB_H 1
| #define HAVE_STRING_H 1
| #define HAVE_MEMORY_H 1
| #define HAVE_STRINGS_H 1
| #define HAVE_INTTYPES_H 1
| #define HAVE_STDINT_H 1
| #define HAVE_UNISTD_H 1
| #define HAVE_DLFCN_H 1
| #define LT_OBJDIR ".libs/"
| #define HAVE_UNISTD_H 1
| #define HAVE_SYS_SYSCALL_H 1
| #define HAVE_EXECINFO_H 1
| #define HAVE_LIBUNWIND_H 1
| #define HAVE_SYS_UTSNAME_H 1
| #define HAVE_PWD_H 1
| #define HAVE_SYSLOG_H 1
| #define HAVE_SYS_TIME_H 1
| #define HAVE_GLOB_H 1
| #define HAVE_UNWIND_H 1
| /* end confdefs.h.  */
| #include <stdio.h>
| #ifdef HAVE_SYS_TYPES_H
| # include <sys/types.h>
| #endif
| #ifdef HAVE_SYS_STAT_H
| # include <sys/stat.h>
| #endif
| #ifdef STDC_HEADERS
| # include <stdlib.h>
| # include <stddef.h>
| #else
| # ifdef HAVE_STDLIB_H
| #  include <stdlib.h>
| # endif
| #endif
| #ifdef HAVE_STRING_H
| # if !defined STDC_HEADERS && defined HAVE_MEMORY_H
| #  include <memory.h>
| # endif
| # include <string.h>
| #endif
| #ifdef HAVE_STRINGS_H
| # include <strings.h>
| #endif
| #ifdef HAVE_INTTYPES_H
| # include <inttypes.h>
| #endif
| #ifdef HAVE_STDINT_H
| # include <stdint.h>
| #endif
| #ifdef HAVE_UNISTD_H
| # include <unistd.h>
| #endif
| #include <windows.h>
configure:15900: result: no
configure:15900: checking windows.h presence
configure:15900: /Users/pritesh/Development/Libraries/CallDetectionExample/node_modules/react-native/./ios-cc.sh -E  conftest.cpp
conftest.cpp:32:10: fatal error: 'windows.h' file not found
#include <windows.h>
         ^
1 error generated.
configure:15900: $? = 1
configure: failed program was:
| /* confdefs.h */
| #define PACKAGE_NAME "glog"
| #define PACKAGE_TARNAME "glog"
| #define PACKAGE_VERSION "0.3.4"
| #define PACKAGE_STRING "glog 0.3.4"
| #define PACKAGE_BUGREPORT "opensource@google.com"
| #define PACKAGE_URL ""
| #define PACKAGE "glog"
| #define VERSION "0.3.4"
| #define HAVE_SYS_TYPES_H 1
| #define HAVE_SYS_STAT_H 1
| #define HAVE_STDLIB_H 1
| #define HAVE_STRING_H 1
| #define HAVE_MEMORY_H 1
| #define HAVE_STRINGS_H 1
| #define HAVE_INTTYPES_H 1
| #define HAVE_STDINT_H 1
| #define HAVE_UNISTD_H 1
| #define HAVE_DLFCN_H 1
| #define LT_OBJDIR ".libs/"
| #define HAVE_UNISTD_H 1
| #define HAVE_SYS_SYSCALL_H 1
| #define HAVE_EXECINFO_H 1
| #define HAVE_LIBUNWIND_H 1
| #define HAVE_SYS_UTSNAME_H 1
| #define HAVE_PWD_H 1
| #define HAVE_SYSLOG_H 1
| #define HAVE_SYS_TIME_H 1
| #define HAVE_GLOB_H 1
| #define HAVE_UNWIND_H 1
| /* end confdefs.h.  */
| #include <windows.h>
configure:15900: result: no
configure:15900: checking for windows.h
configure:15900: result: no
configure:15916: checking size of void *
configure:15921: /Users/pritesh/Development/Libraries/CallDetectionExample/node_modules/react-native/./ios-cc.sh -c -g -O2  conftest.cpp >&5
configure:15921: $? = 0
configure:15921: /Users/pritesh/Development/Libraries/CallDetectionExample/node_modules/react-native/./ios-cc.sh -c -g -O2  conftest.cpp >&5
conftest.cpp:68:24: error: 'test_array' declared as an array with a negative size
static int test_array [1 - 2 * !(((long int) (sizeof (void *))) <= 0)];
                       ^~~~~~~~~~~~~~~~~~~~~~~~~~~~~~~~~~~~~~~~~~~~~~
1 error generated.
configure:15921: $? = 1
configure: failed program was:
| /* confdefs.h */
| #define PACKAGE_NAME "glog"
| #define PACKAGE_TARNAME "glog"
| #define PACKAGE_VERSION "0.3.4"
| #define PACKAGE_STRING "glog 0.3.4"
| #define PACKAGE_BUGREPORT "opensource@google.com"
| #define PACKAGE_URL ""
| #define PACKAGE "glog"
| #define VERSION "0.3.4"
| #define HAVE_SYS_TYPES_H 1
| #define HAVE_SYS_STAT_H 1
| #define HAVE_STDLIB_H 1
| #define HAVE_STRING_H 1
| #define HAVE_MEMORY_H 1
| #define HAVE_STRINGS_H 1
| #define HAVE_INTTYPES_H 1
| #define HAVE_STDINT_H 1
| #define HAVE_UNISTD_H 1
| #define HAVE_DLFCN_H 1
| #define LT_OBJDIR ".libs/"
| #define HAVE_UNISTD_H 1
| #define HAVE_SYS_SYSCALL_H 1
| #define HAVE_EXECINFO_H 1
| #define HAVE_LIBUNWIND_H 1
| #define HAVE_SYS_UTSNAME_H 1
| #define HAVE_PWD_H 1
| #define HAVE_SYSLOG_H 1
| #define HAVE_SYS_TIME_H 1
| #define HAVE_GLOB_H 1
| #define HAVE_UNWIND_H 1
| /* end confdefs.h.  */
| #include <stdio.h>
| #ifdef HAVE_SYS_TYPES_H
| # include <sys/types.h>
| #endif
| #ifdef HAVE_SYS_STAT_H
| # include <sys/stat.h>
| #endif
| #ifdef STDC_HEADERS
| # include <stdlib.h>
| # include <stddef.h>
| #else
| # ifdef HAVE_STDLIB_H
| #  include <stdlib.h>
| # endif
| #endif
| #ifdef HAVE_STRING_H
| # if !defined STDC_HEADERS && defined HAVE_MEMORY_H
| #  include <memory.h>
| # endif
| # include <string.h>
| #endif
| #ifdef HAVE_STRINGS_H
| # include <strings.h>
| #endif
| #ifdef HAVE_INTTYPES_H
| # include <inttypes.h>
| #endif
| #ifdef HAVE_STDINT_H
| # include <stdint.h>
| #endif
| #ifdef HAVE_UNISTD_H
| # include <unistd.h>
| #endif
| int
| main ()
| {
| static int test_array [1 - 2 * !(((long int) (sizeof (void *))) <= 0)];
| test_array [0] = 0;
| return test_array [0];
| 
|   ;
|   return 0;
| }
configure:15921: /Users/pritesh/Development/Libraries/CallDetectionExample/node_modules/react-native/./ios-cc.sh -c -g -O2  conftest.cpp >&5
conftest.cpp:68:24: error: 'test_array' declared as an array with a negative size
static int test_array [1 - 2 * !(((long int) (sizeof (void *))) <= 1)];
                       ^~~~~~~~~~~~~~~~~~~~~~~~~~~~~~~~~~~~~~~~~~~~~~
1 error generated.
configure:15921: $? = 1
configure: failed program was:
| /* confdefs.h */
| #define PACKAGE_NAME "glog"
| #define PACKAGE_TARNAME "glog"
| #define PACKAGE_VERSION "0.3.4"
| #define PACKAGE_STRING "glog 0.3.4"
| #define PACKAGE_BUGREPORT "opensource@google.com"
| #define PACKAGE_URL ""
| #define PACKAGE "glog"
| #define VERSION "0.3.4"
| #define HAVE_SYS_TYPES_H 1
| #define HAVE_SYS_STAT_H 1
| #define HAVE_STDLIB_H 1
| #define HAVE_STRING_H 1
| #define HAVE_MEMORY_H 1
| #define HAVE_STRINGS_H 1
| #define HAVE_INTTYPES_H 1
| #define HAVE_STDINT_H 1
| #define HAVE_UNISTD_H 1
| #define HAVE_DLFCN_H 1
| #define LT_OBJDIR ".libs/"
| #define HAVE_UNISTD_H 1
| #define HAVE_SYS_SYSCALL_H 1
| #define HAVE_EXECINFO_H 1
| #define HAVE_LIBUNWIND_H 1
| #define HAVE_SYS_UTSNAME_H 1
| #define HAVE_PWD_H 1
| #define HAVE_SYSLOG_H 1
| #define HAVE_SYS_TIME_H 1
| #define HAVE_GLOB_H 1
| #define HAVE_UNWIND_H 1
| /* end confdefs.h.  */
| #include <stdio.h>
| #ifdef HAVE_SYS_TYPES_H
| # include <sys/types.h>
| #endif
| #ifdef HAVE_SYS_STAT_H
| # include <sys/stat.h>
| #endif
| #ifdef STDC_HEADERS
| # include <stdlib.h>
| # include <stddef.h>
| #else
| # ifdef HAVE_STDLIB_H
| #  include <stdlib.h>
| # endif
| #endif
| #ifdef HAVE_STRING_H
| # if !defined STDC_HEADERS && defined HAVE_MEMORY_H
| #  include <memory.h>
| # endif
| # include <string.h>
| #endif
| #ifdef HAVE_STRINGS_H
| # include <strings.h>
| #endif
| #ifdef HAVE_INTTYPES_H
| # include <inttypes.h>
| #endif
| #ifdef HAVE_STDINT_H
| # include <stdint.h>
| #endif
| #ifdef HAVE_UNISTD_H
| # include <unistd.h>
| #endif
| int
| main ()
| {
| static int test_array [1 - 2 * !(((long int) (sizeof (void *))) <= 1)];
| test_array [0] = 0;
| return test_array [0];
| 
|   ;
|   return 0;
| }
configure:15921: /Users/pritesh/Development/Libraries/CallDetectionExample/node_modules/react-native/./ios-cc.sh -c -g -O2  conftest.cpp >&5
conftest.cpp:68:24: error: 'test_array' declared as an array with a negative size
static int test_array [1 - 2 * !(((long int) (sizeof (void *))) <= 3)];
                       ^~~~~~~~~~~~~~~~~~~~~~~~~~~~~~~~~~~~~~~~~~~~~~
1 error generated.
configure:15921: $? = 1
configure: failed program was:
| /* confdefs.h */
| #define PACKAGE_NAME "glog"
| #define PACKAGE_TARNAME "glog"
| #define PACKAGE_VERSION "0.3.4"
| #define PACKAGE_STRING "glog 0.3.4"
| #define PACKAGE_BUGREPORT "opensource@google.com"
| #define PACKAGE_URL ""
| #define PACKAGE "glog"
| #define VERSION "0.3.4"
| #define HAVE_SYS_TYPES_H 1
| #define HAVE_SYS_STAT_H 1
| #define HAVE_STDLIB_H 1
| #define HAVE_STRING_H 1
| #define HAVE_MEMORY_H 1
| #define HAVE_STRINGS_H 1
| #define HAVE_INTTYPES_H 1
| #define HAVE_STDINT_H 1
| #define HAVE_UNISTD_H 1
| #define HAVE_DLFCN_H 1
| #define LT_OBJDIR ".libs/"
| #define HAVE_UNISTD_H 1
| #define HAVE_SYS_SYSCALL_H 1
| #define HAVE_EXECINFO_H 1
| #define HAVE_LIBUNWIND_H 1
| #define HAVE_SYS_UTSNAME_H 1
| #define HAVE_PWD_H 1
| #define HAVE_SYSLOG_H 1
| #define HAVE_SYS_TIME_H 1
| #define HAVE_GLOB_H 1
| #define HAVE_UNWIND_H 1
| /* end confdefs.h.  */
| #include <stdio.h>
| #ifdef HAVE_SYS_TYPES_H
| # include <sys/types.h>
| #endif
| #ifdef HAVE_SYS_STAT_H
| # include <sys/stat.h>
| #endif
| #ifdef STDC_HEADERS
| # include <stdlib.h>
| # include <stddef.h>
| #else
| # ifdef HAVE_STDLIB_H
| #  include <stdlib.h>
| # endif
| #endif
| #ifdef HAVE_STRING_H
| # if !defined STDC_HEADERS && defined HAVE_MEMORY_H
| #  include <memory.h>
| # endif
| # include <string.h>
| #endif
| #ifdef HAVE_STRINGS_H
| # include <strings.h>
| #endif
| #ifdef HAVE_INTTYPES_H
| # include <inttypes.h>
| #endif
| #ifdef HAVE_STDINT_H
| # include <stdint.h>
| #endif
| #ifdef HAVE_UNISTD_H
| # include <unistd.h>
| #endif
| int
| main ()
| {
| static int test_array [1 - 2 * !(((long int) (sizeof (void *))) <= 3)];
| test_array [0] = 0;
| return test_array [0];
| 
|   ;
|   return 0;
| }
configure:15921: /Users/pritesh/Development/Libraries/CallDetectionExample/node_modules/react-native/./ios-cc.sh -c -g -O2  conftest.cpp >&5
configure:15921: $? = 0
configure:15921: /Users/pritesh/Development/Libraries/CallDetectionExample/node_modules/react-native/./ios-cc.sh -c -g -O2  conftest.cpp >&5
configure:15921: $? = 0
configure:15921: /Users/pritesh/Development/Libraries/CallDetectionExample/node_modules/react-native/./ios-cc.sh -c -g -O2  conftest.cpp >&5
configure:15921: $? = 0
configure:15935: result: 4
configure:15948: checking for uint16_t
configure:15948: /Users/pritesh/Development/Libraries/CallDetectionExample/node_modules/react-native/./ios-cc.sh -c -g -O2  conftest.cpp >&5
configure:15948: $? = 0
configure:15948: /Users/pritesh/Development/Libraries/CallDetectionExample/node_modules/react-native/./ios-cc.sh -c -g -O2  conftest.cpp >&5
conftest.cpp:69:23: error: expected expression
if (sizeof ((uint16_t)))
                      ^
1 error generated.
configure:15948: $? = 1
configure: failed program was:
| /* confdefs.h */
| #define PACKAGE_NAME "glog"
| #define PACKAGE_TARNAME "glog"
| #define PACKAGE_VERSION "0.3.4"
| #define PACKAGE_STRING "glog 0.3.4"
| #define PACKAGE_BUGREPORT "opensource@google.com"
| #define PACKAGE_URL ""
| #define PACKAGE "glog"
| #define VERSION "0.3.4"
| #define HAVE_SYS_TYPES_H 1
| #define HAVE_SYS_STAT_H 1
| #define HAVE_STDLIB_H 1
| #define HAVE_STRING_H 1
| #define HAVE_MEMORY_H 1
| #define HAVE_STRINGS_H 1
| #define HAVE_INTTYPES_H 1
| #define HAVE_STDINT_H 1
| #define HAVE_UNISTD_H 1
| #define HAVE_DLFCN_H 1
| #define LT_OBJDIR ".libs/"
| #define HAVE_UNISTD_H 1
| #define HAVE_SYS_SYSCALL_H 1
| #define HAVE_EXECINFO_H 1
| #define HAVE_LIBUNWIND_H 1
| #define HAVE_SYS_UTSNAME_H 1
| #define HAVE_PWD_H 1
| #define HAVE_SYSLOG_H 1
| #define HAVE_SYS_TIME_H 1
| #define HAVE_GLOB_H 1
| #define HAVE_UNWIND_H 1
| #define SIZEOF_VOID_P 4
| /* end confdefs.h.  */
| #include <stdio.h>
| #ifdef HAVE_SYS_TYPES_H
| # include <sys/types.h>
| #endif
| #ifdef HAVE_SYS_STAT_H
| # include <sys/stat.h>
| #endif
| #ifdef STDC_HEADERS
| # include <stdlib.h>
| # include <stddef.h>
| #else
| # ifdef HAVE_STDLIB_H
| #  include <stdlib.h>
| # endif
| #endif
| #ifdef HAVE_STRING_H
| # if !defined STDC_HEADERS && defined HAVE_MEMORY_H
| #  include <memory.h>
| # endif
| # include <string.h>
| #endif
| #ifdef HAVE_STRINGS_H
| # include <strings.h>
| #endif
| #ifdef HAVE_INTTYPES_H
| # include <inttypes.h>
| #endif
| #ifdef HAVE_STDINT_H
| # include <stdint.h>
| #endif
| #ifdef HAVE_UNISTD_H
| # include <unistd.h>
| #endif
| int
| main ()
| {
| if (sizeof ((uint16_t)))
| 	    return 0;
|   ;
|   return 0;
| }
configure:15948: result: yes
configure:15955: checking for u_int16_t
configure:15955: /Users/pritesh/Development/Libraries/CallDetectionExample/node_modules/react-native/./ios-cc.sh -c -g -O2  conftest.cpp >&5
configure:15955: $? = 0
configure:15955: /Users/pritesh/Development/Libraries/CallDetectionExample/node_modules/react-native/./ios-cc.sh -c -g -O2  conftest.cpp >&5
conftest.cpp:69:24: error: expected expression
if (sizeof ((u_int16_t)))
                       ^
1 error generated.
configure:15955: $? = 1
configure: failed program was:
| /* confdefs.h */
| #define PACKAGE_NAME "glog"
| #define PACKAGE_TARNAME "glog"
| #define PACKAGE_VERSION "0.3.4"
| #define PACKAGE_STRING "glog 0.3.4"
| #define PACKAGE_BUGREPORT "opensource@google.com"
| #define PACKAGE_URL ""
| #define PACKAGE "glog"
| #define VERSION "0.3.4"
| #define HAVE_SYS_TYPES_H 1
| #define HAVE_SYS_STAT_H 1
| #define HAVE_STDLIB_H 1
| #define HAVE_STRING_H 1
| #define HAVE_MEMORY_H 1
| #define HAVE_STRINGS_H 1
| #define HAVE_INTTYPES_H 1
| #define HAVE_STDINT_H 1
| #define HAVE_UNISTD_H 1
| #define HAVE_DLFCN_H 1
| #define LT_OBJDIR ".libs/"
| #define HAVE_UNISTD_H 1
| #define HAVE_SYS_SYSCALL_H 1
| #define HAVE_EXECINFO_H 1
| #define HAVE_LIBUNWIND_H 1
| #define HAVE_SYS_UTSNAME_H 1
| #define HAVE_PWD_H 1
| #define HAVE_SYSLOG_H 1
| #define HAVE_SYS_TIME_H 1
| #define HAVE_GLOB_H 1
| #define HAVE_UNWIND_H 1
| #define SIZEOF_VOID_P 4
| /* end confdefs.h.  */
| #include <stdio.h>
| #ifdef HAVE_SYS_TYPES_H
| # include <sys/types.h>
| #endif
| #ifdef HAVE_SYS_STAT_H
| # include <sys/stat.h>
| #endif
| #ifdef STDC_HEADERS
| # include <stdlib.h>
| # include <stddef.h>
| #else
| # ifdef HAVE_STDLIB_H
| #  include <stdlib.h>
| # endif
| #endif
| #ifdef HAVE_STRING_H
| # if !defined STDC_HEADERS && defined HAVE_MEMORY_H
| #  include <memory.h>
| # endif
| # include <string.h>
| #endif
| #ifdef HAVE_STRINGS_H
| # include <strings.h>
| #endif
| #ifdef HAVE_INTTYPES_H
| # include <inttypes.h>
| #endif
| #ifdef HAVE_STDINT_H
| # include <stdint.h>
| #endif
| #ifdef HAVE_UNISTD_H
| # include <unistd.h>
| #endif
| int
| main ()
| {
| if (sizeof ((u_int16_t)))
| 	    return 0;
|   ;
|   return 0;
| }
configure:15955: result: yes
configure:15962: checking for __uint16
configure:15962: /Users/pritesh/Development/Libraries/CallDetectionExample/node_modules/react-native/./ios-cc.sh -c -g -O2  conftest.cpp >&5
conftest.cpp:69:13: error: unknown type name '__uint16'; did you mean '__uint16_t'?
if (sizeof (__uint16))
            ^~~~~~~~
            __uint16_t
/Applications/Xcode.app/Contents/Developer/Platforms/iPhoneOS.platform/Developer/SDKs/iPhoneOS10.3.sdk/usr/include/arm/_types.h:19:25: note: '__uint16_t' declared here
typedef unsigned short          __uint16_t;
                                ^
1 error generated.
configure:15962: $? = 1
configure: failed program was:
| /* confdefs.h */
| #define PACKAGE_NAME "glog"
| #define PACKAGE_TARNAME "glog"
| #define PACKAGE_VERSION "0.3.4"
| #define PACKAGE_STRING "glog 0.3.4"
| #define PACKAGE_BUGREPORT "opensource@google.com"
| #define PACKAGE_URL ""
| #define PACKAGE "glog"
| #define VERSION "0.3.4"
| #define HAVE_SYS_TYPES_H 1
| #define HAVE_SYS_STAT_H 1
| #define HAVE_STDLIB_H 1
| #define HAVE_STRING_H 1
| #define HAVE_MEMORY_H 1
| #define HAVE_STRINGS_H 1
| #define HAVE_INTTYPES_H 1
| #define HAVE_STDINT_H 1
| #define HAVE_UNISTD_H 1
| #define HAVE_DLFCN_H 1
| #define LT_OBJDIR ".libs/"
| #define HAVE_UNISTD_H 1
| #define HAVE_SYS_SYSCALL_H 1
| #define HAVE_EXECINFO_H 1
| #define HAVE_LIBUNWIND_H 1
| #define HAVE_SYS_UTSNAME_H 1
| #define HAVE_PWD_H 1
| #define HAVE_SYSLOG_H 1
| #define HAVE_SYS_TIME_H 1
| #define HAVE_GLOB_H 1
| #define HAVE_UNWIND_H 1
| #define SIZEOF_VOID_P 4
| /* end confdefs.h.  */
| #include <stdio.h>
| #ifdef HAVE_SYS_TYPES_H
| # include <sys/types.h>
| #endif
| #ifdef HAVE_SYS_STAT_H
| # include <sys/stat.h>
| #endif
| #ifdef STDC_HEADERS
| # include <stdlib.h>
| # include <stddef.h>
| #else
| # ifdef HAVE_STDLIB_H
| #  include <stdlib.h>
| # endif
| #endif
| #ifdef HAVE_STRING_H
| # if !defined STDC_HEADERS && defined HAVE_MEMORY_H
| #  include <memory.h>
| # endif
| # include <string.h>
| #endif
| #ifdef HAVE_STRINGS_H
| # include <strings.h>
| #endif
| #ifdef HAVE_INTTYPES_H
| # include <inttypes.h>
| #endif
| #ifdef HAVE_STDINT_H
| # include <stdint.h>
| #endif
| #ifdef HAVE_UNISTD_H
| # include <unistd.h>
| #endif
| int
| main ()
| {
| if (sizeof (__uint16))
| 	 return 0;
|   ;
|   return 0;
| }
configure:15962: result: no
configure:15970: checking for sigaltstack
configure:15970: /Users/pritesh/Development/Libraries/CallDetectionExample/node_modules/react-native/./ios-cc.sh -o conftest -g -O2   conftest.cpp  >&5
configure:15970: $? = 0
configure:15970: result: yes
configure:15977: checking for sigaction
configure:15977: /Users/pritesh/Development/Libraries/CallDetectionExample/node_modules/react-native/./ios-cc.sh -o conftest -g -O2   conftest.cpp  >&5
configure:15977: $? = 0
configure:15977: result: yes
configure:15984: checking for dladdr
configure:15984: /Users/pritesh/Development/Libraries/CallDetectionExample/node_modules/react-native/./ios-cc.sh -o conftest -g -O2   conftest.cpp  >&5
configure:15984: $? = 0
configure:15984: result: yes
configure:15991: checking for fcntl
configure:15991: /Users/pritesh/Development/Libraries/CallDetectionExample/node_modules/react-native/./ios-cc.sh -o conftest -g -O2   conftest.cpp  >&5
configure:15991: $? = 0
configure:15991: result: yes
configure:15998: checking for pread
configure:15998: /Users/pritesh/Development/Libraries/CallDetectionExample/node_modules/react-native/./ios-cc.sh -o conftest -g -O2   conftest.cpp  >&5
configure:15998: $? = 0
configure:15998: result: yes
configure:16005: checking for pwrite
configure:16005: /Users/pritesh/Development/Libraries/CallDetectionExample/node_modules/react-native/./ios-cc.sh -o conftest -g -O2   conftest.cpp  >&5
configure:16005: $? = 0
configure:16005: result: yes
configure:16014: checking for __attribute__
configure:16033: /Users/pritesh/Development/Libraries/CallDetectionExample/node_modules/react-native/./ios-cc.sh -c -g -O2  conftest.cpp >&5
configure:16033: $? = 0
configure:16047: result: yes
configure:16062: checking for __builtin_expect
configure:16079: /Users/pritesh/Development/Libraries/CallDetectionExample/node_modules/react-native/./ios-cc.sh -c -g -O2  conftest.cpp >&5
configure:16079: $? = 0
configure:16093: result: yes
configure:16103: checking for __sync_val_compare_and_swap
configure:16120: /Users/pritesh/Development/Libraries/CallDetectionExample/node_modules/react-native/./ios-cc.sh -o conftest -g -O2   conftest.cpp  >&5
configure:16120: $? = 0
configure:16135: result: yes
configure:16159: /Users/pritesh/Development/Libraries/CallDetectionExample/node_modules/react-native/./ios-cc.sh -c -g -O2  conftest.cpp >&5
conftest.cpp:46:8: error: use of undeclared identifier '__x86_64__'
return __x86_64__ == 1 ? 0 : 1
       ^
1 error generated.
configure:16159: $? = 1
configure: failed program was:
| /* confdefs.h */
| #define PACKAGE_NAME "glog"
| #define PACKAGE_TARNAME "glog"
| #define PACKAGE_VERSION "0.3.4"
| #define PACKAGE_STRING "glog 0.3.4"
| #define PACKAGE_BUGREPORT "opensource@google.com"
| #define PACKAGE_URL ""
| #define PACKAGE "glog"
| #define VERSION "0.3.4"
| #define HAVE_SYS_TYPES_H 1
| #define HAVE_SYS_STAT_H 1
| #define HAVE_STDLIB_H 1
| #define HAVE_STRING_H 1
| #define HAVE_MEMORY_H 1
| #define HAVE_STRINGS_H 1
| #define HAVE_INTTYPES_H 1
| #define HAVE_STDINT_H 1
| #define HAVE_UNISTD_H 1
| #define HAVE_DLFCN_H 1
| #define LT_OBJDIR ".libs/"
| #define HAVE_UNISTD_H 1
| #define HAVE_SYS_SYSCALL_H 1
| #define HAVE_EXECINFO_H 1
| #define HAVE_LIBUNWIND_H 1
| #define HAVE_SYS_UTSNAME_H 1
| #define HAVE_PWD_H 1
| #define HAVE_SYSLOG_H 1
| #define HAVE_SYS_TIME_H 1
| #define HAVE_GLOB_H 1
| #define HAVE_UNWIND_H 1
| #define SIZEOF_VOID_P 4
| #define HAVE_SIGALTSTACK 1
| #define HAVE_SIGACTION 1
| #define HAVE_DLADDR 1
| #define HAVE_FCNTL 1
| #define HAVE_PREAD 1
| #define HAVE_PWRITE 1
| #define HAVE___ATTRIBUTE__ 1
| #define HAVE___BUILTIN_EXPECT 1
| #define HAVE___SYNC_VAL_COMPARE_AND_SWAP 1
| /* end confdefs.h.  */
| 
| int
| main ()
| {
| return __x86_64__ == 1 ? 0 : 1
|   ;
|   return 0;
| }
configure:16367: checking for the pthreads library -lpthreads
configure:16400: /Users/pritesh/Development/Libraries/CallDetectionExample/node_modules/react-native/./ios-cc.sh -o conftest -g -O2    conftest.c -lpthreads  >&5
conftest.c:47:41: warning: null passed to a callee that requires a non-null argument [-Wnonnull]
                     pthread_attr_init(0); pthread_cleanup_push(0, 0);
                                       ~^
conftest.c:48:44: warning: null passed to a callee that requires a non-null argument [-Wnonnull]
                     pthread_create(0,0,0,0); pthread_cleanup_pop(0);
                                    ~      ^
conftest.c:48:44: warning: null passed to a callee that requires a non-null argument [-Wnonnull]
                     pthread_create(0,0,0,0); pthread_cleanup_pop(0);
                                        ~  ^
3 warnings generated.
ld: library not found for -lpthreads
clang: error: linker command failed with exit code 1 (use -v to see invocation)
configure:16400: $? = 1
configure: failed program was:
| /* confdefs.h */
| #define PACKAGE_NAME "glog"
| #define PACKAGE_TARNAME "glog"
| #define PACKAGE_VERSION "0.3.4"
| #define PACKAGE_STRING "glog 0.3.4"
| #define PACKAGE_BUGREPORT "opensource@google.com"
| #define PACKAGE_URL ""
| #define PACKAGE "glog"
| #define VERSION "0.3.4"
| #define HAVE_SYS_TYPES_H 1
| #define HAVE_SYS_STAT_H 1
| #define HAVE_STDLIB_H 1
| #define HAVE_STRING_H 1
| #define HAVE_MEMORY_H 1
| #define HAVE_STRINGS_H 1
| #define HAVE_INTTYPES_H 1
| #define HAVE_STDINT_H 1
| #define HAVE_UNISTD_H 1
| #define HAVE_DLFCN_H 1
| #define LT_OBJDIR ".libs/"
| #define HAVE_UNISTD_H 1
| #define HAVE_SYS_SYSCALL_H 1
| #define HAVE_EXECINFO_H 1
| #define HAVE_LIBUNWIND_H 1
| #define HAVE_SYS_UTSNAME_H 1
| #define HAVE_PWD_H 1
| #define HAVE_SYSLOG_H 1
| #define HAVE_SYS_TIME_H 1
| #define HAVE_GLOB_H 1
| #define HAVE_UNWIND_H 1
| #define SIZEOF_VOID_P 4
| #define HAVE_SIGALTSTACK 1
| #define HAVE_SIGACTION 1
| #define HAVE_DLADDR 1
| #define HAVE_FCNTL 1
| #define HAVE_PREAD 1
| #define HAVE_PWRITE 1
| #define HAVE___ATTRIBUTE__ 1
| #define HAVE___BUILTIN_EXPECT 1
| #define HAVE___SYNC_VAL_COMPARE_AND_SWAP 1
| /* end confdefs.h.  */
| #include <pthread.h>
| int
| main ()
| {
| pthread_t th; pthread_join(th, 0);
|                      pthread_attr_init(0); pthread_cleanup_push(0, 0);
|                      pthread_create(0,0,0,0); pthread_cleanup_pop(0);
|   ;
|   return 0;
| }
configure:16409: result: no
configure:16312: checking whether pthreads work without any flags
configure:16400: /Users/pritesh/Development/Libraries/CallDetectionExample/node_modules/react-native/./ios-cc.sh -o conftest -g -O2    conftest.c   >&5
conftest.c:47:41: warning: null passed to a callee that requires a non-null argument [-Wnonnull]
                     pthread_attr_init(0); pthread_cleanup_push(0, 0);
                                       ~^
conftest.c:48:44: warning: null passed to a callee that requires a non-null argument [-Wnonnull]
                     pthread_create(0,0,0,0); pthread_cleanup_pop(0);
                                    ~      ^
conftest.c:48:44: warning: null passed to a callee that requires a non-null argument [-Wnonnull]
                     pthread_create(0,0,0,0); pthread_cleanup_pop(0);
                                        ~  ^
3 warnings generated.
configure:16400: $? = 0
configure:16409: result: yes
configure:16428: checking for joinable pthread attribute
configure:16443: /Users/pritesh/Development/Libraries/CallDetectionExample/node_modules/react-native/./ios-cc.sh -o conftest -g -O2    conftest.c   >&5
configure:16443: $? = 0
configure:16449: result: PTHREAD_CREATE_JOINABLE
configure:16459: checking if more special flags are required for pthreads
configure:16466: result: -D_THREAD_SAFE
configure:16555: checking whether to check for GCC pthread/shared inconsistencies
configure:16568: /Users/pritesh/Development/Libraries/CallDetectionExample/node_modules/react-native/./ios-cc.sh -o conftest -shared -fPIC -Wl,-z,defs -g -O2 -D_THREAD_SAFE    conftest.c   >&5
ld: unknown option: -z
clang: error: linker command failed with exit code 1 (use -v to see invocation)
configure:16568: $? = 1
configure: failed program was:
| /* confdefs.h */
| #define PACKAGE_NAME "glog"
| #define PACKAGE_TARNAME "glog"
| #define PACKAGE_VERSION "0.3.4"
| #define PACKAGE_STRING "glog 0.3.4"
| #define PACKAGE_BUGREPORT "opensource@google.com"
| #define PACKAGE_URL ""
| #define PACKAGE "glog"
| #define VERSION "0.3.4"
| #define HAVE_SYS_TYPES_H 1
| #define HAVE_SYS_STAT_H 1
| #define HAVE_STDLIB_H 1
| #define HAVE_STRING_H 1
| #define HAVE_MEMORY_H 1
| #define HAVE_STRINGS_H 1
| #define HAVE_INTTYPES_H 1
| #define HAVE_STDINT_H 1
| #define HAVE_UNISTD_H 1
| #define HAVE_DLFCN_H 1
| #define LT_OBJDIR ".libs/"
| #define HAVE_UNISTD_H 1
| #define HAVE_SYS_SYSCALL_H 1
| #define HAVE_EXECINFO_H 1
| #define HAVE_LIBUNWIND_H 1
| #define HAVE_SYS_UTSNAME_H 1
| #define HAVE_PWD_H 1
| #define HAVE_SYSLOG_H 1
| #define HAVE_SYS_TIME_H 1
| #define HAVE_GLOB_H 1
| #define HAVE_UNWIND_H 1
| #define SIZEOF_VOID_P 4
| #define HAVE_SIGALTSTACK 1
| #define HAVE_SIGACTION 1
| #define HAVE_DLADDR 1
| #define HAVE_FCNTL 1
| #define HAVE_PREAD 1
| #define HAVE_PWRITE 1
| #define HAVE___ATTRIBUTE__ 1
| #define HAVE___BUILTIN_EXPECT 1
| #define HAVE___SYNC_VAL_COMPARE_AND_SWAP 1
| /* end confdefs.h.  */
| 
| int
| main ()
| {
| 
|   ;
|   return 0;
| }
configure:16577: result: no
configure:16727: checking for pthread_self in -lpthread
configure:16752: /Users/pritesh/Development/Libraries/CallDetectionExample/node_modules/react-native/./ios-cc.sh -o conftest -g -O2   conftest.cpp -lpthread   >&5
configure:16752: $? = 0
configure:16761: result: yes
configure:16787: checking for main in -lgflags
configure:16806: /Users/pritesh/Development/Libraries/CallDetectionExample/node_modules/react-native/./ios-cc.sh -o conftest -g -O2   conftest.cpp -lgflags  -lpthread  >&5
ld: library not found for -lgflags
clang: error: linker command failed with exit code 1 (use -v to see invocation)
configure:16806: $? = 1
configure: failed program was:
| /* confdefs.h */
| #define PACKAGE_NAME "glog"
| #define PACKAGE_TARNAME "glog"
| #define PACKAGE_VERSION "0.3.4"
| #define PACKAGE_STRING "glog 0.3.4"
| #define PACKAGE_BUGREPORT "opensource@google.com"
| #define PACKAGE_URL ""
| #define PACKAGE "glog"
| #define VERSION "0.3.4"
| #define HAVE_SYS_TYPES_H 1
| #define HAVE_SYS_STAT_H 1
| #define HAVE_STDLIB_H 1
| #define HAVE_STRING_H 1
| #define HAVE_MEMORY_H 1
| #define HAVE_STRINGS_H 1
| #define HAVE_INTTYPES_H 1
| #define HAVE_STDINT_H 1
| #define HAVE_UNISTD_H 1
| #define HAVE_DLFCN_H 1
| #define LT_OBJDIR ".libs/"
| #define HAVE_UNISTD_H 1
| #define HAVE_SYS_SYSCALL_H 1
| #define HAVE_EXECINFO_H 1
| #define HAVE_LIBUNWIND_H 1
| #define HAVE_SYS_UTSNAME_H 1
| #define HAVE_PWD_H 1
| #define HAVE_SYSLOG_H 1
| #define HAVE_SYS_TIME_H 1
| #define HAVE_GLOB_H 1
| #define HAVE_UNWIND_H 1
| #define SIZEOF_VOID_P 4
| #define HAVE_SIGALTSTACK 1
| #define HAVE_SIGACTION 1
| #define HAVE_DLADDR 1
| #define HAVE_FCNTL 1
| #define HAVE_PREAD 1
| #define HAVE_PWRITE 1
| #define HAVE___ATTRIBUTE__ 1
| #define HAVE___BUILTIN_EXPECT 1
| #define HAVE___SYNC_VAL_COMPARE_AND_SWAP 1
| #define HAVE_PTHREAD 1
| #define HAVE_LIBPTHREAD 1
| /* end confdefs.h.  */
| 
| 
| int
| main ()
| {
| return main ();
|   ;
|   return 0;
| }
configure:16815: result: no
configure:16842: checking for gtest-config
configure:16872: result: no
configure:16877: checking for main in -lgtest
configure:16896: /Users/pritesh/Development/Libraries/CallDetectionExample/node_modules/react-native/./ios-cc.sh -o conftest -g -O2   conftest.cpp -lgtest  -lpthread  >&5
ld: library not found for -lgtest
clang: error: linker command failed with exit code 1 (use -v to see invocation)
configure:16896: $? = 1
configure: failed program was:
| /* confdefs.h */
| #define PACKAGE_NAME "glog"
| #define PACKAGE_TARNAME "glog"
| #define PACKAGE_VERSION "0.3.4"
| #define PACKAGE_STRING "glog 0.3.4"
| #define PACKAGE_BUGREPORT "opensource@google.com"
| #define PACKAGE_URL ""
| #define PACKAGE "glog"
| #define VERSION "0.3.4"
| #define HAVE_SYS_TYPES_H 1
| #define HAVE_SYS_STAT_H 1
| #define HAVE_STDLIB_H 1
| #define HAVE_STRING_H 1
| #define HAVE_MEMORY_H 1
| #define HAVE_STRINGS_H 1
| #define HAVE_INTTYPES_H 1
| #define HAVE_STDINT_H 1
| #define HAVE_UNISTD_H 1
| #define HAVE_DLFCN_H 1
| #define LT_OBJDIR ".libs/"
| #define HAVE_UNISTD_H 1
| #define HAVE_SYS_SYSCALL_H 1
| #define HAVE_EXECINFO_H 1
| #define HAVE_LIBUNWIND_H 1
| #define HAVE_SYS_UTSNAME_H 1
| #define HAVE_PWD_H 1
| #define HAVE_SYSLOG_H 1
| #define HAVE_SYS_TIME_H 1
| #define HAVE_GLOB_H 1
| #define HAVE_UNWIND_H 1
| #define SIZEOF_VOID_P 4
| #define HAVE_SIGALTSTACK 1
| #define HAVE_SIGACTION 1
| #define HAVE_DLADDR 1
| #define HAVE_FCNTL 1
| #define HAVE_PREAD 1
| #define HAVE_PWRITE 1
| #define HAVE___ATTRIBUTE__ 1
| #define HAVE___BUILTIN_EXPECT 1
| #define HAVE___SYNC_VAL_COMPARE_AND_SWAP 1
| #define HAVE_PTHREAD 1
| #define HAVE_LIBPTHREAD 1
| /* end confdefs.h.  */
| 
| 
| int
| main ()
| {
| return main ();
|   ;
|   return 0;
| }
configure:16905: result: no
configure:16987: checking for backtrace in -lunwind
configure:17012: /Users/pritesh/Development/Libraries/CallDetectionExample/node_modules/react-native/./ios-cc.sh -o conftest -g -O2   conftest.cpp -lunwind  -lpthread  >&5
ld: library not found for -lunwind
clang: error: linker command failed with exit code 1 (use -v to see invocation)
configure:17012: $? = 1
configure: failed program was:
| /* confdefs.h */
| #define PACKAGE_NAME "glog"
| #define PACKAGE_TARNAME "glog"
| #define PACKAGE_VERSION "0.3.4"
| #define PACKAGE_STRING "glog 0.3.4"
| #define PACKAGE_BUGREPORT "opensource@google.com"
| #define PACKAGE_URL ""
| #define PACKAGE "glog"
| #define VERSION "0.3.4"
| #define HAVE_SYS_TYPES_H 1
| #define HAVE_SYS_STAT_H 1
| #define HAVE_STDLIB_H 1
| #define HAVE_STRING_H 1
| #define HAVE_MEMORY_H 1
| #define HAVE_STRINGS_H 1
| #define HAVE_INTTYPES_H 1
| #define HAVE_STDINT_H 1
| #define HAVE_UNISTD_H 1
| #define HAVE_DLFCN_H 1
| #define LT_OBJDIR ".libs/"
| #define HAVE_UNISTD_H 1
| #define HAVE_SYS_SYSCALL_H 1
| #define HAVE_EXECINFO_H 1
| #define HAVE_LIBUNWIND_H 1
| #define HAVE_SYS_UTSNAME_H 1
| #define HAVE_PWD_H 1
| #define HAVE_SYSLOG_H 1
| #define HAVE_SYS_TIME_H 1
| #define HAVE_GLOB_H 1
| #define HAVE_UNWIND_H 1
| #define SIZEOF_VOID_P 4
| #define HAVE_SIGALTSTACK 1
| #define HAVE_SIGACTION 1
| #define HAVE_DLADDR 1
| #define HAVE_FCNTL 1
| #define HAVE_PREAD 1
| #define HAVE_PWRITE 1
| #define HAVE___ATTRIBUTE__ 1
| #define HAVE___BUILTIN_EXPECT 1
| #define HAVE___SYNC_VAL_COMPARE_AND_SWAP 1
| #define HAVE_PTHREAD 1
| #define HAVE_LIBPTHREAD 1
| /* end confdefs.h.  */
| 
| /* Override any GCC internal prototype to avoid an error.
|    Use char because int might match the return type of a GCC
|    builtin and then its argument prototype would still apply.  */
| #ifdef __cplusplus
| extern "C"
| #endif
| char backtrace ();
| int
| main ()
| {
| return backtrace ();
|   ;
|   return 0;
| }
configure:17021: result: no
configure:17038: checking support for pthread_rwlock_* functions
configure:17064: /Users/pritesh/Development/Libraries/CallDetectionExample/node_modules/react-native/./ios-cc.sh -c -g -O2  conftest.c >&5
configure:17064: $? = 0
configure:17078: result: yes
configure:17089: checking whether the compiler implements namespaces
configure:17113: /Users/pritesh/Development/Libraries/CallDetectionExample/node_modules/react-native/./ios-cc.sh -c -g -O2  conftest.cpp >&5
configure:17113: $? = 0
configure:17126: result: yes
configure:17133: checking what namespace STL code is in
configure:17157: /Users/pritesh/Development/Libraries/CallDetectionExample/node_modules/react-native/./ios-cc.sh -c -g -O2  conftest.cpp >&5
conftest.cpp:50:1: error: no template named 'vector'; did you mean 'std::vector'?
vector<int> t; return 0;
^~~~~~
std::vector
/Applications/Xcode.app/Contents/Developer/Toolchains/XcodeDefault.xctoolchain/usr/bin/../include/c++/v1/vector:458:29: note: 'std::vector' declared here
class _LIBCPP_TYPE_VIS_ONLY vector
                            ^
1 error generated.
configure:17157: $? = 1
configure: failed program was:
| /* confdefs.h */
| #define PACKAGE_NAME "glog"
| #define PACKAGE_TARNAME "glog"
| #define PACKAGE_VERSION "0.3.4"
| #define PACKAGE_STRING "glog 0.3.4"
| #define PACKAGE_BUGREPORT "opensource@google.com"
| #define PACKAGE_URL ""
| #define PACKAGE "glog"
| #define VERSION "0.3.4"
| #define HAVE_SYS_TYPES_H 1
| #define HAVE_SYS_STAT_H 1
| #define HAVE_STDLIB_H 1
| #define HAVE_STRING_H 1
| #define HAVE_MEMORY_H 1
| #define HAVE_STRINGS_H 1
| #define HAVE_INTTYPES_H 1
| #define HAVE_STDINT_H 1
| #define HAVE_UNISTD_H 1
| #define HAVE_DLFCN_H 1
| #define LT_OBJDIR ".libs/"
| #define HAVE_UNISTD_H 1
| #define HAVE_SYS_SYSCALL_H 1
| #define HAVE_EXECINFO_H 1
| #define HAVE_LIBUNWIND_H 1
| #define HAVE_SYS_UTSNAME_H 1
| #define HAVE_PWD_H 1
| #define HAVE_SYSLOG_H 1
| #define HAVE_SYS_TIME_H 1
| #define HAVE_GLOB_H 1
| #define HAVE_UNWIND_H 1
| #define SIZEOF_VOID_P 4
| #define HAVE_SIGALTSTACK 1
| #define HAVE_SIGACTION 1
| #define HAVE_DLADDR 1
| #define HAVE_FCNTL 1
| #define HAVE_PREAD 1
| #define HAVE_PWRITE 1
| #define HAVE___ATTRIBUTE__ 1
| #define HAVE___BUILTIN_EXPECT 1
| #define HAVE___SYNC_VAL_COMPARE_AND_SWAP 1
| #define HAVE_PTHREAD 1
| #define HAVE_LIBPTHREAD 1
| #define HAVE_RWLOCK 1
| #define HAVE_NAMESPACES 1
| /* end confdefs.h.  */
| #include <vector>
| int
| main ()
| {
| vector<int> t; return 0;
|   ;
|   return 0;
| }
configure:17172: /Users/pritesh/Development/Libraries/CallDetectionExample/node_modules/react-native/./ios-cc.sh -c -g -O2  conftest.cpp >&5
configure:17172: $? = 0
configure:17183: result: std
configure:17234: checking whether compiler supports using ::operator<<
configure:17258: /Users/pritesh/Development/Libraries/CallDetectionExample/node_modules/react-native/./ios-cc.sh -c -g -O2  conftest.cpp >&5
configure:17258: $? = 0
configure:17271: result: 1
configure:17281: checking for ucontext.h
configure:17281: result: no
configure:17293: checking sys/ucontext.h usability
configure:17293: /Users/pritesh/Development/Libraries/CallDetectionExample/node_modules/react-native/./ios-cc.sh -c -g -O2  conftest.cpp >&5
configure:17293: $? = 0
configure:17293: result: yes
configure:17293: checking sys/ucontext.h presence
configure:17293: /Users/pritesh/Development/Libraries/CallDetectionExample/node_modules/react-native/./ios-cc.sh -E  conftest.cpp
configure:17293: $? = 0
configure:17293: result: yes
configure:17293: checking for sys/ucontext.h
configure:17293: result: yes
configure:17303: checking how to access the program counter from a struct ucontext
configure:17338: /Users/pritesh/Development/Libraries/CallDetectionExample/node_modules/react-native/./ios-cc.sh -c -g -O2  conftest.cpp >&5
conftest.cpp:57:35: error: member reference type 'struct __darwin_mcontext32 *' is a pointer; did you mean to use '->'?
ucontext_t u; return u.uc_mcontext.gregs[REG_PC] == 0;
                     ~~~~~~~~~~~~~^
                                  ->
conftest.cpp:57:36: error: no member named 'gregs' in '__darwin_mcontext32'
ucontext_t u; return u.uc_mcontext.gregs[REG_PC] == 0;
                     ~~~~~~~~~~~~~ ^
conftest.cpp:57:42: error: use of undeclared identifier 'REG_PC'
ucontext_t u; return u.uc_mcontext.gregs[REG_PC] == 0;
                                         ^
3 errors generated.
configure:17338: $? = 1
configure: failed program was:
| /* confdefs.h */
| #define PACKAGE_NAME "glog"
| #define PACKAGE_TARNAME "glog"
| #define PACKAGE_VERSION "0.3.4"
| #define PACKAGE_STRING "glog 0.3.4"
| #define PACKAGE_BUGREPORT "opensource@google.com"
| #define PACKAGE_URL ""
| #define PACKAGE "glog"
| #define VERSION "0.3.4"
| #define HAVE_SYS_TYPES_H 1
| #define HAVE_SYS_STAT_H 1
| #define HAVE_STDLIB_H 1
| #define HAVE_STRING_H 1
| #define HAVE_MEMORY_H 1
| #define HAVE_STRINGS_H 1
| #define HAVE_INTTYPES_H 1
| #define HAVE_STDINT_H 1
| #define HAVE_UNISTD_H 1
| #define HAVE_DLFCN_H 1
| #define LT_OBJDIR ".libs/"
| #define HAVE_UNISTD_H 1
| #define HAVE_SYS_SYSCALL_H 1
| #define HAVE_EXECINFO_H 1
| #define HAVE_LIBUNWIND_H 1
| #define HAVE_SYS_UTSNAME_H 1
| #define HAVE_PWD_H 1
| #define HAVE_SYSLOG_H 1
| #define HAVE_SYS_TIME_H 1
| #define HAVE_GLOB_H 1
| #define HAVE_UNWIND_H 1
| #define SIZEOF_VOID_P 4
| #define HAVE_SIGALTSTACK 1
| #define HAVE_SIGACTION 1
| #define HAVE_DLADDR 1
| #define HAVE_FCNTL 1
| #define HAVE_PREAD 1
| #define HAVE_PWRITE 1
| #define HAVE___ATTRIBUTE__ 1
| #define HAVE___BUILTIN_EXPECT 1
| #define HAVE___SYNC_VAL_COMPARE_AND_SWAP 1
| #define HAVE_PTHREAD 1
| #define HAVE_LIBPTHREAD 1
| #define HAVE_RWLOCK 1
| #define HAVE_NAMESPACES 1
| #define STL_NAMESPACE std
| #define GOOGLE_NAMESPACE google
| #define _START_GOOGLE_NAMESPACE_ namespace google {
| #define _END_GOOGLE_NAMESPACE_ }
| #define HAVE_USING_OPERATOR 1
| #define HAVE_SYS_UCONTEXT_H 1
| /* end confdefs.h.  */
| #define _GNU_SOURCE 1
|                          #include <sys/ucontext.h>
| int
| main ()
| {
| ucontext_t u; return u.uc_mcontext.gregs[REG_PC] == 0;
|   ;
|   return 0;
| }
configure:17338: /Users/pritesh/Development/Libraries/CallDetectionExample/node_modules/react-native/./ios-cc.sh -c -g -O2  conftest.cpp >&5
conftest.cpp:57:35: error: member reference type 'struct __darwin_mcontext32 *' is a pointer; did you mean to use '->'?
ucontext_t u; return u.uc_mcontext.gregs[REG_EIP] == 0;
                     ~~~~~~~~~~~~~^
                                  ->
conftest.cpp:57:36: error: no member named 'gregs' in '__darwin_mcontext32'
ucontext_t u; return u.uc_mcontext.gregs[REG_EIP] == 0;
                     ~~~~~~~~~~~~~ ^
conftest.cpp:57:42: error: use of undeclared identifier 'REG_EIP'
ucontext_t u; return u.uc_mcontext.gregs[REG_EIP] == 0;
                                         ^
3 errors generated.
configure:17338: $? = 1
configure: failed program was:
| /* confdefs.h */
| #define PACKAGE_NAME "glog"
| #define PACKAGE_TARNAME "glog"
| #define PACKAGE_VERSION "0.3.4"
| #define PACKAGE_STRING "glog 0.3.4"
| #define PACKAGE_BUGREPORT "opensource@google.com"
| #define PACKAGE_URL ""
| #define PACKAGE "glog"
| #define VERSION "0.3.4"
| #define HAVE_SYS_TYPES_H 1
| #define HAVE_SYS_STAT_H 1
| #define HAVE_STDLIB_H 1
| #define HAVE_STRING_H 1
| #define HAVE_MEMORY_H 1
| #define HAVE_STRINGS_H 1
| #define HAVE_INTTYPES_H 1
| #define HAVE_STDINT_H 1
| #define HAVE_UNISTD_H 1
| #define HAVE_DLFCN_H 1
| #define LT_OBJDIR ".libs/"
| #define HAVE_UNISTD_H 1
| #define HAVE_SYS_SYSCALL_H 1
| #define HAVE_EXECINFO_H 1
| #define HAVE_LIBUNWIND_H 1
| #define HAVE_SYS_UTSNAME_H 1
| #define HAVE_PWD_H 1
| #define HAVE_SYSLOG_H 1
| #define HAVE_SYS_TIME_H 1
| #define HAVE_GLOB_H 1
| #define HAVE_UNWIND_H 1
| #define SIZEOF_VOID_P 4
| #define HAVE_SIGALTSTACK 1
| #define HAVE_SIGACTION 1
| #define HAVE_DLADDR 1
| #define HAVE_FCNTL 1
| #define HAVE_PREAD 1
| #define HAVE_PWRITE 1
| #define HAVE___ATTRIBUTE__ 1
| #define HAVE___BUILTIN_EXPECT 1
| #define HAVE___SYNC_VAL_COMPARE_AND_SWAP 1
| #define HAVE_PTHREAD 1
| #define HAVE_LIBPTHREAD 1
| #define HAVE_RWLOCK 1
| #define HAVE_NAMESPACES 1
| #define STL_NAMESPACE std
| #define GOOGLE_NAMESPACE google
| #define _START_GOOGLE_NAMESPACE_ namespace google {
| #define _END_GOOGLE_NAMESPACE_ }
| #define HAVE_USING_OPERATOR 1
| #define HAVE_SYS_UCONTEXT_H 1
| /* end confdefs.h.  */
| #define _GNU_SOURCE 1
|                          #include <sys/ucontext.h>
| int
| main ()
| {
| ucontext_t u; return u.uc_mcontext.gregs[REG_EIP] == 0;
|   ;
|   return 0;
| }
configure:17338: /Users/pritesh/Development/Libraries/CallDetectionExample/node_modules/react-native/./ios-cc.sh -c -g -O2  conftest.cpp >&5
conftest.cpp:57:35: error: member reference type 'struct __darwin_mcontext32 *' is a pointer; did you mean to use '->'?
ucontext_t u; return u.uc_mcontext.gregs[REG_RIP] == 0;
                     ~~~~~~~~~~~~~^
                                  ->
conftest.cpp:57:36: error: no member named 'gregs' in '__darwin_mcontext32'
ucontext_t u; return u.uc_mcontext.gregs[REG_RIP] == 0;
                     ~~~~~~~~~~~~~ ^
conftest.cpp:57:42: error: use of undeclared identifier 'REG_RIP'
ucontext_t u; return u.uc_mcontext.gregs[REG_RIP] == 0;
                                         ^
3 errors generated.
configure:17338: $? = 1
configure: failed program was:
| /* confdefs.h */
| #define PACKAGE_NAME "glog"
| #define PACKAGE_TARNAME "glog"
| #define PACKAGE_VERSION "0.3.4"
| #define PACKAGE_STRING "glog 0.3.4"
| #define PACKAGE_BUGREPORT "opensource@google.com"
| #define PACKAGE_URL ""
| #define PACKAGE "glog"
| #define VERSION "0.3.4"
| #define HAVE_SYS_TYPES_H 1
| #define HAVE_SYS_STAT_H 1
| #define HAVE_STDLIB_H 1
| #define HAVE_STRING_H 1
| #define HAVE_MEMORY_H 1
| #define HAVE_STRINGS_H 1
| #define HAVE_INTTYPES_H 1
| #define HAVE_STDINT_H 1
| #define HAVE_UNISTD_H 1
| #define HAVE_DLFCN_H 1
| #define LT_OBJDIR ".libs/"
| #define HAVE_UNISTD_H 1
| #define HAVE_SYS_SYSCALL_H 1
| #define HAVE_EXECINFO_H 1
| #define HAVE_LIBUNWIND_H 1
| #define HAVE_SYS_UTSNAME_H 1
| #define HAVE_PWD_H 1
| #define HAVE_SYSLOG_H 1
| #define HAVE_SYS_TIME_H 1
| #define HAVE_GLOB_H 1
| #define HAVE_UNWIND_H 1
| #define SIZEOF_VOID_P 4
| #define HAVE_SIGALTSTACK 1
| #define HAVE_SIGACTION 1
| #define HAVE_DLADDR 1
| #define HAVE_FCNTL 1
| #define HAVE_PREAD 1
| #define HAVE_PWRITE 1
| #define HAVE___ATTRIBUTE__ 1
| #define HAVE___BUILTIN_EXPECT 1
| #define HAVE___SYNC_VAL_COMPARE_AND_SWAP 1
| #define HAVE_PTHREAD 1
| #define HAVE_LIBPTHREAD 1
| #define HAVE_RWLOCK 1
| #define HAVE_NAMESPACES 1
| #define STL_NAMESPACE std
| #define GOOGLE_NAMESPACE google
| #define _START_GOOGLE_NAMESPACE_ namespace google {
| #define _END_GOOGLE_NAMESPACE_ }
| #define HAVE_USING_OPERATOR 1
| #define HAVE_SYS_UCONTEXT_H 1
| /* end confdefs.h.  */
| #define _GNU_SOURCE 1
|                          #include <sys/ucontext.h>
| int
| main ()
| {
| ucontext_t u; return u.uc_mcontext.gregs[REG_RIP] == 0;
|   ;
|   return 0;
| }
configure:17338: /Users/pritesh/Development/Libraries/CallDetectionExample/node_modules/react-native/./ios-cc.sh -c -g -O2  conftest.cpp >&5
conftest.cpp:57:35: error: member reference type 'struct __darwin_mcontext32 *' is a pointer; did you mean to use '->'?
ucontext_t u; return u.uc_mcontext.sc_ip == 0;
                     ~~~~~~~~~~~~~^
                                  ->
conftest.cpp:57:36: error: no member named 'sc_ip' in '__darwin_mcontext32'
ucontext_t u; return u.uc_mcontext.sc_ip == 0;
                     ~~~~~~~~~~~~~ ^
2 errors generated.
configure:17338: $? = 1
configure: failed program was:
| /* confdefs.h */
| #define PACKAGE_NAME "glog"
| #define PACKAGE_TARNAME "glog"
| #define PACKAGE_VERSION "0.3.4"
| #define PACKAGE_STRING "glog 0.3.4"
| #define PACKAGE_BUGREPORT "opensource@google.com"
| #define PACKAGE_URL ""
| #define PACKAGE "glog"
| #define VERSION "0.3.4"
| #define HAVE_SYS_TYPES_H 1
| #define HAVE_SYS_STAT_H 1
| #define HAVE_STDLIB_H 1
| #define HAVE_STRING_H 1
| #define HAVE_MEMORY_H 1
| #define HAVE_STRINGS_H 1
| #define HAVE_INTTYPES_H 1
| #define HAVE_STDINT_H 1
| #define HAVE_UNISTD_H 1
| #define HAVE_DLFCN_H 1
| #define LT_OBJDIR ".libs/"
| #define HAVE_UNISTD_H 1
| #define HAVE_SYS_SYSCALL_H 1
| #define HAVE_EXECINFO_H 1
| #define HAVE_LIBUNWIND_H 1
| #define HAVE_SYS_UTSNAME_H 1
| #define HAVE_PWD_H 1
| #define HAVE_SYSLOG_H 1
| #define HAVE_SYS_TIME_H 1
| #define HAVE_GLOB_H 1
| #define HAVE_UNWIND_H 1
| #define SIZEOF_VOID_P 4
| #define HAVE_SIGALTSTACK 1
| #define HAVE_SIGACTION 1
| #define HAVE_DLADDR 1
| #define HAVE_FCNTL 1
| #define HAVE_PREAD 1
| #define HAVE_PWRITE 1
| #define HAVE___ATTRIBUTE__ 1
| #define HAVE___BUILTIN_EXPECT 1
| #define HAVE___SYNC_VAL_COMPARE_AND_SWAP 1
| #define HAVE_PTHREAD 1
| #define HAVE_LIBPTHREAD 1
| #define HAVE_RWLOCK 1
| #define HAVE_NAMESPACES 1
| #define STL_NAMESPACE std
| #define GOOGLE_NAMESPACE google
| #define _START_GOOGLE_NAMESPACE_ namespace google {
| #define _END_GOOGLE_NAMESPACE_ }
| #define HAVE_USING_OPERATOR 1
| #define HAVE_SYS_UCONTEXT_H 1
| /* end confdefs.h.  */
| #define _GNU_SOURCE 1
|                          #include <sys/ucontext.h>
| int
| main ()
| {
| ucontext_t u; return u.uc_mcontext.sc_ip == 0;
|   ;
|   return 0;
| }
configure:17338: /Users/pritesh/Development/Libraries/CallDetectionExample/node_modules/react-native/./ios-cc.sh -c -g -O2  conftest.cpp >&5
conftest.cpp:57:35: error: member reference type 'struct __darwin_mcontext32 *' is a pointer; did you mean to use '->'?
ucontext_t u; return u.uc_mcontext.uc_regs->gregs[PT_NIP] == 0;
                     ~~~~~~~~~~~~~^
                                  ->
conftest.cpp:57:36: error: no member named 'uc_regs' in '__darwin_mcontext32'
ucontext_t u; return u.uc_mcontext.uc_regs->gregs[PT_NIP] == 0;
                     ~~~~~~~~~~~~~ ^
conftest.cpp:57:51: error: use of undeclared identifier 'PT_NIP'
ucontext_t u; return u.uc_mcontext.uc_regs->gregs[PT_NIP] == 0;
                                                  ^
3 errors generated.
configure:17338: $? = 1
configure: failed program was:
| /* confdefs.h */
| #define PACKAGE_NAME "glog"
| #define PACKAGE_TARNAME "glog"
| #define PACKAGE_VERSION "0.3.4"
| #define PACKAGE_STRING "glog 0.3.4"
| #define PACKAGE_BUGREPORT "opensource@google.com"
| #define PACKAGE_URL ""
| #define PACKAGE "glog"
| #define VERSION "0.3.4"
| #define HAVE_SYS_TYPES_H 1
| #define HAVE_SYS_STAT_H 1
| #define HAVE_STDLIB_H 1
| #define HAVE_STRING_H 1
| #define HAVE_MEMORY_H 1
| #define HAVE_STRINGS_H 1
| #define HAVE_INTTYPES_H 1
| #define HAVE_STDINT_H 1
| #define HAVE_UNISTD_H 1
| #define HAVE_DLFCN_H 1
| #define LT_OBJDIR ".libs/"
| #define HAVE_UNISTD_H 1
| #define HAVE_SYS_SYSCALL_H 1
| #define HAVE_EXECINFO_H 1
| #define HAVE_LIBUNWIND_H 1
| #define HAVE_SYS_UTSNAME_H 1
| #define HAVE_PWD_H 1
| #define HAVE_SYSLOG_H 1
| #define HAVE_SYS_TIME_H 1
| #define HAVE_GLOB_H 1
| #define HAVE_UNWIND_H 1
| #define SIZEOF_VOID_P 4
| #define HAVE_SIGALTSTACK 1
| #define HAVE_SIGACTION 1
| #define HAVE_DLADDR 1
| #define HAVE_FCNTL 1
| #define HAVE_PREAD 1
| #define HAVE_PWRITE 1
| #define HAVE___ATTRIBUTE__ 1
| #define HAVE___BUILTIN_EXPECT 1
| #define HAVE___SYNC_VAL_COMPARE_AND_SWAP 1
| #define HAVE_PTHREAD 1
| #define HAVE_LIBPTHREAD 1
| #define HAVE_RWLOCK 1
| #define HAVE_NAMESPACES 1
| #define STL_NAMESPACE std
| #define GOOGLE_NAMESPACE google
| #define _START_GOOGLE_NAMESPACE_ namespace google {
| #define _END_GOOGLE_NAMESPACE_ }
| #define HAVE_USING_OPERATOR 1
| #define HAVE_SYS_UCONTEXT_H 1
| /* end confdefs.h.  */
| #define _GNU_SOURCE 1
|                          #include <sys/ucontext.h>
| int
| main ()
| {
| ucontext_t u; return u.uc_mcontext.uc_regs->gregs[PT_NIP] == 0;
|   ;
|   return 0;
| }
configure:17338: /Users/pritesh/Development/Libraries/CallDetectionExample/node_modules/react-native/./ios-cc.sh -c -g -O2  conftest.cpp >&5
conftest.cpp:57:35: error: member reference type 'struct __darwin_mcontext32 *' is a pointer; did you mean to use '->'?
ucontext_t u; return u.uc_mcontext.gregs[R15] == 0;
                     ~~~~~~~~~~~~~^
                                  ->
conftest.cpp:57:36: error: no member named 'gregs' in '__darwin_mcontext32'
ucontext_t u; return u.uc_mcontext.gregs[R15] == 0;
                     ~~~~~~~~~~~~~ ^
conftest.cpp:57:42: error: use of undeclared identifier 'R15'
ucontext_t u; return u.uc_mcontext.gregs[R15] == 0;
                                         ^
3 errors generated.
configure:17338: $? = 1
configure: failed program was:
| /* confdefs.h */
| #define PACKAGE_NAME "glog"
| #define PACKAGE_TARNAME "glog"
| #define PACKAGE_VERSION "0.3.4"
| #define PACKAGE_STRING "glog 0.3.4"
| #define PACKAGE_BUGREPORT "opensource@google.com"
| #define PACKAGE_URL ""
| #define PACKAGE "glog"
| #define VERSION "0.3.4"
| #define HAVE_SYS_TYPES_H 1
| #define HAVE_SYS_STAT_H 1
| #define HAVE_STDLIB_H 1
| #define HAVE_STRING_H 1
| #define HAVE_MEMORY_H 1
| #define HAVE_STRINGS_H 1
| #define HAVE_INTTYPES_H 1
| #define HAVE_STDINT_H 1
| #define HAVE_UNISTD_H 1
| #define HAVE_DLFCN_H 1
| #define LT_OBJDIR ".libs/"
| #define HAVE_UNISTD_H 1
| #define HAVE_SYS_SYSCALL_H 1
| #define HAVE_EXECINFO_H 1
| #define HAVE_LIBUNWIND_H 1
| #define HAVE_SYS_UTSNAME_H 1
| #define HAVE_PWD_H 1
| #define HAVE_SYSLOG_H 1
| #define HAVE_SYS_TIME_H 1
| #define HAVE_GLOB_H 1
| #define HAVE_UNWIND_H 1
| #define SIZEOF_VOID_P 4
| #define HAVE_SIGALTSTACK 1
| #define HAVE_SIGACTION 1
| #define HAVE_DLADDR 1
| #define HAVE_FCNTL 1
| #define HAVE_PREAD 1
| #define HAVE_PWRITE 1
| #define HAVE___ATTRIBUTE__ 1
| #define HAVE___BUILTIN_EXPECT 1
| #define HAVE___SYNC_VAL_COMPARE_AND_SWAP 1
| #define HAVE_PTHREAD 1
| #define HAVE_LIBPTHREAD 1
| #define HAVE_RWLOCK 1
| #define HAVE_NAMESPACES 1
| #define STL_NAMESPACE std
| #define GOOGLE_NAMESPACE google
| #define _START_GOOGLE_NAMESPACE_ namespace google {
| #define _END_GOOGLE_NAMESPACE_ }
| #define HAVE_USING_OPERATOR 1
| #define HAVE_SYS_UCONTEXT_H 1
| /* end confdefs.h.  */
| #define _GNU_SOURCE 1
|                          #include <sys/ucontext.h>
| int
| main ()
| {
| ucontext_t u; return u.uc_mcontext.gregs[R15] == 0;
|   ;
|   return 0;
| }
configure:17338: /Users/pritesh/Development/Libraries/CallDetectionExample/node_modules/react-native/./ios-cc.sh -c -g -O2  conftest.cpp >&5
conftest.cpp:57:35: error: member reference type 'struct __darwin_mcontext32 *' is a pointer; did you mean to use '->'?
ucontext_t u; return u.uc_mcontext.arm_pc == 0;
                     ~~~~~~~~~~~~~^
                                  ->
conftest.cpp:57:36: error: no member named 'arm_pc' in '__darwin_mcontext32'
ucontext_t u; return u.uc_mcontext.arm_pc == 0;
                     ~~~~~~~~~~~~~ ^
2 errors generated.
configure:17338: $? = 1
configure: failed program was:
| /* confdefs.h */
| #define PACKAGE_NAME "glog"
| #define PACKAGE_TARNAME "glog"
| #define PACKAGE_VERSION "0.3.4"
| #define PACKAGE_STRING "glog 0.3.4"
| #define PACKAGE_BUGREPORT "opensource@google.com"
| #define PACKAGE_URL ""
| #define PACKAGE "glog"
| #define VERSION "0.3.4"
| #define HAVE_SYS_TYPES_H 1
| #define HAVE_SYS_STAT_H 1
| #define HAVE_STDLIB_H 1
| #define HAVE_STRING_H 1
| #define HAVE_MEMORY_H 1
| #define HAVE_STRINGS_H 1
| #define HAVE_INTTYPES_H 1
| #define HAVE_STDINT_H 1
| #define HAVE_UNISTD_H 1
| #define HAVE_DLFCN_H 1
| #define LT_OBJDIR ".libs/"
| #define HAVE_UNISTD_H 1
| #define HAVE_SYS_SYSCALL_H 1
| #define HAVE_EXECINFO_H 1
| #define HAVE_LIBUNWIND_H 1
| #define HAVE_SYS_UTSNAME_H 1
| #define HAVE_PWD_H 1
| #define HAVE_SYSLOG_H 1
| #define HAVE_SYS_TIME_H 1
| #define HAVE_GLOB_H 1
| #define HAVE_UNWIND_H 1
| #define SIZEOF_VOID_P 4
| #define HAVE_SIGALTSTACK 1
| #define HAVE_SIGACTION 1
| #define HAVE_DLADDR 1
| #define HAVE_FCNTL 1
| #define HAVE_PREAD 1
| #define HAVE_PWRITE 1
| #define HAVE___ATTRIBUTE__ 1
| #define HAVE___BUILTIN_EXPECT 1
| #define HAVE___SYNC_VAL_COMPARE_AND_SWAP 1
| #define HAVE_PTHREAD 1
| #define HAVE_LIBPTHREAD 1
| #define HAVE_RWLOCK 1
| #define HAVE_NAMESPACES 1
| #define STL_NAMESPACE std
| #define GOOGLE_NAMESPACE google
| #define _START_GOOGLE_NAMESPACE_ namespace google {
| #define _END_GOOGLE_NAMESPACE_ }
| #define HAVE_USING_OPERATOR 1
| #define HAVE_SYS_UCONTEXT_H 1
| /* end confdefs.h.  */
| #define _GNU_SOURCE 1
|                          #include <sys/ucontext.h>
| int
| main ()
| {
| ucontext_t u; return u.uc_mcontext.arm_pc == 0;
|   ;
|   return 0;
| }
configure:17338: /Users/pritesh/Development/Libraries/CallDetectionExample/node_modules/react-native/./ios-cc.sh -c -g -O2  conftest.cpp >&5
conftest.cpp:57:35: error: member reference type 'struct __darwin_mcontext32 *' is a pointer; did you mean to use '->'?
ucontext_t u; return u.uc_mcontext.mc_eip == 0;
                     ~~~~~~~~~~~~~^
                                  ->
conftest.cpp:57:36: error: no member named 'mc_eip' in '__darwin_mcontext32'
ucontext_t u; return u.uc_mcontext.mc_eip == 0;
                     ~~~~~~~~~~~~~ ^
2 errors generated.
configure:17338: $? = 1
configure: failed program was:
| /* confdefs.h */
| #define PACKAGE_NAME "glog"
| #define PACKAGE_TARNAME "glog"
| #define PACKAGE_VERSION "0.3.4"
| #define PACKAGE_STRING "glog 0.3.4"
| #define PACKAGE_BUGREPORT "opensource@google.com"
| #define PACKAGE_URL ""
| #define PACKAGE "glog"
| #define VERSION "0.3.4"
| #define HAVE_SYS_TYPES_H 1
| #define HAVE_SYS_STAT_H 1
| #define HAVE_STDLIB_H 1
| #define HAVE_STRING_H 1
| #define HAVE_MEMORY_H 1
| #define HAVE_STRINGS_H 1
| #define HAVE_INTTYPES_H 1
| #define HAVE_STDINT_H 1
| #define HAVE_UNISTD_H 1
| #define HAVE_DLFCN_H 1
| #define LT_OBJDIR ".libs/"
| #define HAVE_UNISTD_H 1
| #define HAVE_SYS_SYSCALL_H 1
| #define HAVE_EXECINFO_H 1
| #define HAVE_LIBUNWIND_H 1
| #define HAVE_SYS_UTSNAME_H 1
| #define HAVE_PWD_H 1
| #define HAVE_SYSLOG_H 1
| #define HAVE_SYS_TIME_H 1
| #define HAVE_GLOB_H 1
| #define HAVE_UNWIND_H 1
| #define SIZEOF_VOID_P 4
| #define HAVE_SIGALTSTACK 1
| #define HAVE_SIGACTION 1
| #define HAVE_DLADDR 1
| #define HAVE_FCNTL 1
| #define HAVE_PREAD 1
| #define HAVE_PWRITE 1
| #define HAVE___ATTRIBUTE__ 1
| #define HAVE___BUILTIN_EXPECT 1
| #define HAVE___SYNC_VAL_COMPARE_AND_SWAP 1
| #define HAVE_PTHREAD 1
| #define HAVE_LIBPTHREAD 1
| #define HAVE_RWLOCK 1
| #define HAVE_NAMESPACES 1
| #define STL_NAMESPACE std
| #define GOOGLE_NAMESPACE google
| #define _START_GOOGLE_NAMESPACE_ namespace google {
| #define _END_GOOGLE_NAMESPACE_ }
| #define HAVE_USING_OPERATOR 1
| #define HAVE_SYS_UCONTEXT_H 1
| /* end confdefs.h.  */
| #define _GNU_SOURCE 1
|                          #include <sys/ucontext.h>
| int
| main ()
| {
| ucontext_t u; return u.uc_mcontext.mc_eip == 0;
|   ;
|   return 0;
| }
configure:17338: /Users/pritesh/Development/Libraries/CallDetectionExample/node_modules/react-native/./ios-cc.sh -c -g -O2  conftest.cpp >&5
conftest.cpp:57:35: error: member reference type 'struct __darwin_mcontext32 *' is a pointer; did you mean to use '->'?
ucontext_t u; return u.uc_mcontext.mc_rip == 0;
                     ~~~~~~~~~~~~~^
                                  ->
conftest.cpp:57:36: error: no member named 'mc_rip' in '__darwin_mcontext32'
ucontext_t u; return u.uc_mcontext.mc_rip == 0;
                     ~~~~~~~~~~~~~ ^
2 errors generated.
configure:17338: $? = 1
configure: failed program was:
| /* confdefs.h */
| #define PACKAGE_NAME "glog"
| #define PACKAGE_TARNAME "glog"
| #define PACKAGE_VERSION "0.3.4"
| #define PACKAGE_STRING "glog 0.3.4"
| #define PACKAGE_BUGREPORT "opensource@google.com"
| #define PACKAGE_URL ""
| #define PACKAGE "glog"
| #define VERSION "0.3.4"
| #define HAVE_SYS_TYPES_H 1
| #define HAVE_SYS_STAT_H 1
| #define HAVE_STDLIB_H 1
| #define HAVE_STRING_H 1
| #define HAVE_MEMORY_H 1
| #define HAVE_STRINGS_H 1
| #define HAVE_INTTYPES_H 1
| #define HAVE_STDINT_H 1
| #define HAVE_UNISTD_H 1
| #define HAVE_DLFCN_H 1
| #define LT_OBJDIR ".libs/"
| #define HAVE_UNISTD_H 1
| #define HAVE_SYS_SYSCALL_H 1
| #define HAVE_EXECINFO_H 1
| #define HAVE_LIBUNWIND_H 1
| #define HAVE_SYS_UTSNAME_H 1
| #define HAVE_PWD_H 1
| #define HAVE_SYSLOG_H 1
| #define HAVE_SYS_TIME_H 1
| #define HAVE_GLOB_H 1
| #define HAVE_UNWIND_H 1
| #define SIZEOF_VOID_P 4
| #define HAVE_SIGALTSTACK 1
| #define HAVE_SIGACTION 1
| #define HAVE_DLADDR 1
| #define HAVE_FCNTL 1
| #define HAVE_PREAD 1
| #define HAVE_PWRITE 1
| #define HAVE___ATTRIBUTE__ 1
| #define HAVE___BUILTIN_EXPECT 1
| #define HAVE___SYNC_VAL_COMPARE_AND_SWAP 1
| #define HAVE_PTHREAD 1
| #define HAVE_LIBPTHREAD 1
| #define HAVE_RWLOCK 1
| #define HAVE_NAMESPACES 1
| #define STL_NAMESPACE std
| #define GOOGLE_NAMESPACE google
| #define _START_GOOGLE_NAMESPACE_ namespace google {
| #define _END_GOOGLE_NAMESPACE_ }
| #define HAVE_USING_OPERATOR 1
| #define HAVE_SYS_UCONTEXT_H 1
| /* end confdefs.h.  */
| #define _GNU_SOURCE 1
|                          #include <sys/ucontext.h>
| int
| main ()
| {
| ucontext_t u; return u.uc_mcontext.mc_rip == 0;
|   ;
|   return 0;
| }
configure:17338: /Users/pritesh/Development/Libraries/CallDetectionExample/node_modules/react-native/./ios-cc.sh -c -g -O2  conftest.cpp >&5
conftest.cpp:57:35: error: member reference type 'struct __darwin_mcontext32 *' is a pointer; did you mean to use '->'?
ucontext_t u; return u.uc_mcontext.__gregs[_REG_EIP] == 0;
                     ~~~~~~~~~~~~~^
                                  ->
conftest.cpp:57:36: error: no member named '__gregs' in '__darwin_mcontext32'
ucontext_t u; return u.uc_mcontext.__gregs[_REG_EIP] == 0;
                     ~~~~~~~~~~~~~ ^
conftest.cpp:57:44: error: use of undeclared identifier '_REG_EIP'
ucontext_t u; return u.uc_mcontext.__gregs[_REG_EIP] == 0;
                                           ^
3 errors generated.
configure:17338: $? = 1
configure: failed program was:
| /* confdefs.h */
| #define PACKAGE_NAME "glog"
| #define PACKAGE_TARNAME "glog"
| #define PACKAGE_VERSION "0.3.4"
| #define PACKAGE_STRING "glog 0.3.4"
| #define PACKAGE_BUGREPORT "opensource@google.com"
| #define PACKAGE_URL ""
| #define PACKAGE "glog"
| #define VERSION "0.3.4"
| #define HAVE_SYS_TYPES_H 1
| #define HAVE_SYS_STAT_H 1
| #define HAVE_STDLIB_H 1
| #define HAVE_STRING_H 1
| #define HAVE_MEMORY_H 1
| #define HAVE_STRINGS_H 1
| #define HAVE_INTTYPES_H 1
| #define HAVE_STDINT_H 1
| #define HAVE_UNISTD_H 1
| #define HAVE_DLFCN_H 1
| #define LT_OBJDIR ".libs/"
| #define HAVE_UNISTD_H 1
| #define HAVE_SYS_SYSCALL_H 1
| #define HAVE_EXECINFO_H 1
| #define HAVE_LIBUNWIND_H 1
| #define HAVE_SYS_UTSNAME_H 1
| #define HAVE_PWD_H 1
| #define HAVE_SYSLOG_H 1
| #define HAVE_SYS_TIME_H 1
| #define HAVE_GLOB_H 1
| #define HAVE_UNWIND_H 1
| #define SIZEOF_VOID_P 4
| #define HAVE_SIGALTSTACK 1
| #define HAVE_SIGACTION 1
| #define HAVE_DLADDR 1
| #define HAVE_FCNTL 1
| #define HAVE_PREAD 1
| #define HAVE_PWRITE 1
| #define HAVE___ATTRIBUTE__ 1
| #define HAVE___BUILTIN_EXPECT 1
| #define HAVE___SYNC_VAL_COMPARE_AND_SWAP 1
| #define HAVE_PTHREAD 1
| #define HAVE_LIBPTHREAD 1
| #define HAVE_RWLOCK 1
| #define HAVE_NAMESPACES 1
| #define STL_NAMESPACE std
| #define GOOGLE_NAMESPACE google
| #define _START_GOOGLE_NAMESPACE_ namespace google {
| #define _END_GOOGLE_NAMESPACE_ }
| #define HAVE_USING_OPERATOR 1
| #define HAVE_SYS_UCONTEXT_H 1
| /* end confdefs.h.  */
| #define _GNU_SOURCE 1
|                          #include <sys/ucontext.h>
| int
| main ()
| {
| ucontext_t u; return u.uc_mcontext.__gregs[_REG_EIP] == 0;
|   ;
|   return 0;
| }
configure:17338: /Users/pritesh/Development/Libraries/CallDetectionExample/node_modules/react-native/./ios-cc.sh -c -g -O2  conftest.cpp >&5
conftest.cpp:57:35: error: member reference type 'struct __darwin_mcontext32 *' is a pointer; did you mean to use '->'?
ucontext_t u; return u.uc_mcontext.__gregs[_REG_RIP] == 0;
                     ~~~~~~~~~~~~~^
                                  ->
conftest.cpp:57:36: error: no member named '__gregs' in '__darwin_mcontext32'
ucontext_t u; return u.uc_mcontext.__gregs[_REG_RIP] == 0;
                     ~~~~~~~~~~~~~ ^
conftest.cpp:57:44: error: use of undeclared identifier '_REG_RIP'
ucontext_t u; return u.uc_mcontext.__gregs[_REG_RIP] == 0;
                                           ^
3 errors generated.
configure:17338: $? = 1
configure: failed program was:
| /* confdefs.h */
| #define PACKAGE_NAME "glog"
| #define PACKAGE_TARNAME "glog"
| #define PACKAGE_VERSION "0.3.4"
| #define PACKAGE_STRING "glog 0.3.4"
| #define PACKAGE_BUGREPORT "opensource@google.com"
| #define PACKAGE_URL ""
| #define PACKAGE "glog"
| #define VERSION "0.3.4"
| #define HAVE_SYS_TYPES_H 1
| #define HAVE_SYS_STAT_H 1
| #define HAVE_STDLIB_H 1
| #define HAVE_STRING_H 1
| #define HAVE_MEMORY_H 1
| #define HAVE_STRINGS_H 1
| #define HAVE_INTTYPES_H 1
| #define HAVE_STDINT_H 1
| #define HAVE_UNISTD_H 1
| #define HAVE_DLFCN_H 1
| #define LT_OBJDIR ".libs/"
| #define HAVE_UNISTD_H 1
| #define HAVE_SYS_SYSCALL_H 1
| #define HAVE_EXECINFO_H 1
| #define HAVE_LIBUNWIND_H 1
| #define HAVE_SYS_UTSNAME_H 1
| #define HAVE_PWD_H 1
| #define HAVE_SYSLOG_H 1
| #define HAVE_SYS_TIME_H 1
| #define HAVE_GLOB_H 1
| #define HAVE_UNWIND_H 1
| #define SIZEOF_VOID_P 4
| #define HAVE_SIGALTSTACK 1
| #define HAVE_SIGACTION 1
| #define HAVE_DLADDR 1
| #define HAVE_FCNTL 1
| #define HAVE_PREAD 1
| #define HAVE_PWRITE 1
| #define HAVE___ATTRIBUTE__ 1
| #define HAVE___BUILTIN_EXPECT 1
| #define HAVE___SYNC_VAL_COMPARE_AND_SWAP 1
| #define HAVE_PTHREAD 1
| #define HAVE_LIBPTHREAD 1
| #define HAVE_RWLOCK 1
| #define HAVE_NAMESPACES 1
| #define STL_NAMESPACE std
| #define GOOGLE_NAMESPACE google
| #define _START_GOOGLE_NAMESPACE_ namespace google {
| #define _END_GOOGLE_NAMESPACE_ }
| #define HAVE_USING_OPERATOR 1
| #define HAVE_SYS_UCONTEXT_H 1
| /* end confdefs.h.  */
| #define _GNU_SOURCE 1
|                          #include <sys/ucontext.h>
| int
| main ()
| {
| ucontext_t u; return u.uc_mcontext.__gregs[_REG_RIP] == 0;
|   ;
|   return 0;
| }
configure:17338: /Users/pritesh/Development/Libraries/CallDetectionExample/node_modules/react-native/./ios-cc.sh -c -g -O2  conftest.cpp >&5
conftest.cpp:57:37: error: no member named 'ss' in '__darwin_mcontext32'
ucontext_t u; return u.uc_mcontext->ss.eip == 0;
                     ~~~~~~~~~~~~~  ^
1 error generated.
configure:17338: $? = 1
configure: failed program was:
| /* confdefs.h */
| #define PACKAGE_NAME "glog"
| #define PACKAGE_TARNAME "glog"
| #define PACKAGE_VERSION "0.3.4"
| #define PACKAGE_STRING "glog 0.3.4"
| #define PACKAGE_BUGREPORT "opensource@google.com"
| #define PACKAGE_URL ""
| #define PACKAGE "glog"
| #define VERSION "0.3.4"
| #define HAVE_SYS_TYPES_H 1
| #define HAVE_SYS_STAT_H 1
| #define HAVE_STDLIB_H 1
| #define HAVE_STRING_H 1
| #define HAVE_MEMORY_H 1
| #define HAVE_STRINGS_H 1
| #define HAVE_INTTYPES_H 1
| #define HAVE_STDINT_H 1
| #define HAVE_UNISTD_H 1
| #define HAVE_DLFCN_H 1
| #define LT_OBJDIR ".libs/"
| #define HAVE_UNISTD_H 1
| #define HAVE_SYS_SYSCALL_H 1
| #define HAVE_EXECINFO_H 1
| #define HAVE_LIBUNWIND_H 1
| #define HAVE_SYS_UTSNAME_H 1
| #define HAVE_PWD_H 1
| #define HAVE_SYSLOG_H 1
| #define HAVE_SYS_TIME_H 1
| #define HAVE_GLOB_H 1
| #define HAVE_UNWIND_H 1
| #define SIZEOF_VOID_P 4
| #define HAVE_SIGALTSTACK 1
| #define HAVE_SIGACTION 1
| #define HAVE_DLADDR 1
| #define HAVE_FCNTL 1
| #define HAVE_PREAD 1
| #define HAVE_PWRITE 1
| #define HAVE___ATTRIBUTE__ 1
| #define HAVE___BUILTIN_EXPECT 1
| #define HAVE___SYNC_VAL_COMPARE_AND_SWAP 1
| #define HAVE_PTHREAD 1
| #define HAVE_LIBPTHREAD 1
| #define HAVE_RWLOCK 1
| #define HAVE_NAMESPACES 1
| #define STL_NAMESPACE std
| #define GOOGLE_NAMESPACE google
| #define _START_GOOGLE_NAMESPACE_ namespace google {
| #define _END_GOOGLE_NAMESPACE_ }
| #define HAVE_USING_OPERATOR 1
| #define HAVE_SYS_UCONTEXT_H 1
| /* end confdefs.h.  */
| #define _GNU_SOURCE 1
|                          #include <sys/ucontext.h>
| int
| main ()
| {
| ucontext_t u; return u.uc_mcontext->ss.eip == 0;
|   ;
|   return 0;
| }
configure:17338: /Users/pritesh/Development/Libraries/CallDetectionExample/node_modules/react-native/./ios-cc.sh -c -g -O2  conftest.cpp >&5
conftest.cpp:57:42: error: no member named '__eip' in '__darwin_arm_thread_state'
ucontext_t u; return u.uc_mcontext->__ss.__eip == 0;
                     ~~~~~~~~~~~~~~~~~~~ ^
1 error generated.
configure:17338: $? = 1
configure: failed program was:
| /* confdefs.h */
| #define PACKAGE_NAME "glog"
| #define PACKAGE_TARNAME "glog"
| #define PACKAGE_VERSION "0.3.4"
| #define PACKAGE_STRING "glog 0.3.4"
| #define PACKAGE_BUGREPORT "opensource@google.com"
| #define PACKAGE_URL ""
| #define PACKAGE "glog"
| #define VERSION "0.3.4"
| #define HAVE_SYS_TYPES_H 1
| #define HAVE_SYS_STAT_H 1
| #define HAVE_STDLIB_H 1
| #define HAVE_STRING_H 1
| #define HAVE_MEMORY_H 1
| #define HAVE_STRINGS_H 1
| #define HAVE_INTTYPES_H 1
| #define HAVE_STDINT_H 1
| #define HAVE_UNISTD_H 1
| #define HAVE_DLFCN_H 1
| #define LT_OBJDIR ".libs/"
| #define HAVE_UNISTD_H 1
| #define HAVE_SYS_SYSCALL_H 1
| #define HAVE_EXECINFO_H 1
| #define HAVE_LIBUNWIND_H 1
| #define HAVE_SYS_UTSNAME_H 1
| #define HAVE_PWD_H 1
| #define HAVE_SYSLOG_H 1
| #define HAVE_SYS_TIME_H 1
| #define HAVE_GLOB_H 1
| #define HAVE_UNWIND_H 1
| #define SIZEOF_VOID_P 4
| #define HAVE_SIGALTSTACK 1
| #define HAVE_SIGACTION 1
| #define HAVE_DLADDR 1
| #define HAVE_FCNTL 1
| #define HAVE_PREAD 1
| #define HAVE_PWRITE 1
| #define HAVE___ATTRIBUTE__ 1
| #define HAVE___BUILTIN_EXPECT 1
| #define HAVE___SYNC_VAL_COMPARE_AND_SWAP 1
| #define HAVE_PTHREAD 1
| #define HAVE_LIBPTHREAD 1
| #define HAVE_RWLOCK 1
| #define HAVE_NAMESPACES 1
| #define STL_NAMESPACE std
| #define GOOGLE_NAMESPACE google
| #define _START_GOOGLE_NAMESPACE_ namespace google {
| #define _END_GOOGLE_NAMESPACE_ }
| #define HAVE_USING_OPERATOR 1
| #define HAVE_SYS_UCONTEXT_H 1
| /* end confdefs.h.  */
| #define _GNU_SOURCE 1
|                          #include <sys/ucontext.h>
| int
| main ()
| {
| ucontext_t u; return u.uc_mcontext->__ss.__eip == 0;
|   ;
|   return 0;
| }
configure:17338: /Users/pritesh/Development/Libraries/CallDetectionExample/node_modules/react-native/./ios-cc.sh -c -g -O2  conftest.cpp >&5
conftest.cpp:57:37: error: no member named 'ss' in '__darwin_mcontext32'
ucontext_t u; return u.uc_mcontext->ss.rip == 0;
                     ~~~~~~~~~~~~~  ^
1 error generated.
configure:17338: $? = 1
configure: failed program was:
| /* confdefs.h */
| #define PACKAGE_NAME "glog"
| #define PACKAGE_TARNAME "glog"
| #define PACKAGE_VERSION "0.3.4"
| #define PACKAGE_STRING "glog 0.3.4"
| #define PACKAGE_BUGREPORT "opensource@google.com"
| #define PACKAGE_URL ""
| #define PACKAGE "glog"
| #define VERSION "0.3.4"
| #define HAVE_SYS_TYPES_H 1
| #define HAVE_SYS_STAT_H 1
| #define HAVE_STDLIB_H 1
| #define HAVE_STRING_H 1
| #define HAVE_MEMORY_H 1
| #define HAVE_STRINGS_H 1
| #define HAVE_INTTYPES_H 1
| #define HAVE_STDINT_H 1
| #define HAVE_UNISTD_H 1
| #define HAVE_DLFCN_H 1
| #define LT_OBJDIR ".libs/"
| #define HAVE_UNISTD_H 1
| #define HAVE_SYS_SYSCALL_H 1
| #define HAVE_EXECINFO_H 1
| #define HAVE_LIBUNWIND_H 1
| #define HAVE_SYS_UTSNAME_H 1
| #define HAVE_PWD_H 1
| #define HAVE_SYSLOG_H 1
| #define HAVE_SYS_TIME_H 1
| #define HAVE_GLOB_H 1
| #define HAVE_UNWIND_H 1
| #define SIZEOF_VOID_P 4
| #define HAVE_SIGALTSTACK 1
| #define HAVE_SIGACTION 1
| #define HAVE_DLADDR 1
| #define HAVE_FCNTL 1
| #define HAVE_PREAD 1
| #define HAVE_PWRITE 1
| #define HAVE___ATTRIBUTE__ 1
| #define HAVE___BUILTIN_EXPECT 1
| #define HAVE___SYNC_VAL_COMPARE_AND_SWAP 1
| #define HAVE_PTHREAD 1
| #define HAVE_LIBPTHREAD 1
| #define HAVE_RWLOCK 1
| #define HAVE_NAMESPACES 1
| #define STL_NAMESPACE std
| #define GOOGLE_NAMESPACE google
| #define _START_GOOGLE_NAMESPACE_ namespace google {
| #define _END_GOOGLE_NAMESPACE_ }
| #define HAVE_USING_OPERATOR 1
| #define HAVE_SYS_UCONTEXT_H 1
| /* end confdefs.h.  */
| #define _GNU_SOURCE 1
|                          #include <sys/ucontext.h>
| int
| main ()
| {
| ucontext_t u; return u.uc_mcontext->ss.rip == 0;
|   ;
|   return 0;
| }
configure:17338: /Users/pritesh/Development/Libraries/CallDetectionExample/node_modules/react-native/./ios-cc.sh -c -g -O2  conftest.cpp >&5
conftest.cpp:57:42: error: no member named '__rip' in '__darwin_arm_thread_state'
ucontext_t u; return u.uc_mcontext->__ss.__rip == 0;
                     ~~~~~~~~~~~~~~~~~~~ ^
1 error generated.
configure:17338: $? = 1
configure: failed program was:
| /* confdefs.h */
| #define PACKAGE_NAME "glog"
| #define PACKAGE_TARNAME "glog"
| #define PACKAGE_VERSION "0.3.4"
| #define PACKAGE_STRING "glog 0.3.4"
| #define PACKAGE_BUGREPORT "opensource@google.com"
| #define PACKAGE_URL ""
| #define PACKAGE "glog"
| #define VERSION "0.3.4"
| #define HAVE_SYS_TYPES_H 1
| #define HAVE_SYS_STAT_H 1
| #define HAVE_STDLIB_H 1
| #define HAVE_STRING_H 1
| #define HAVE_MEMORY_H 1
| #define HAVE_STRINGS_H 1
| #define HAVE_INTTYPES_H 1
| #define HAVE_STDINT_H 1
| #define HAVE_UNISTD_H 1
| #define HAVE_DLFCN_H 1
| #define LT_OBJDIR ".libs/"
| #define HAVE_UNISTD_H 1
| #define HAVE_SYS_SYSCALL_H 1
| #define HAVE_EXECINFO_H 1
| #define HAVE_LIBUNWIND_H 1
| #define HAVE_SYS_UTSNAME_H 1
| #define HAVE_PWD_H 1
| #define HAVE_SYSLOG_H 1
| #define HAVE_SYS_TIME_H 1
| #define HAVE_GLOB_H 1
| #define HAVE_UNWIND_H 1
| #define SIZEOF_VOID_P 4
| #define HAVE_SIGALTSTACK 1
| #define HAVE_SIGACTION 1
| #define HAVE_DLADDR 1
| #define HAVE_FCNTL 1
| #define HAVE_PREAD 1
| #define HAVE_PWRITE 1
| #define HAVE___ATTRIBUTE__ 1
| #define HAVE___BUILTIN_EXPECT 1
| #define HAVE___SYNC_VAL_COMPARE_AND_SWAP 1
| #define HAVE_PTHREAD 1
| #define HAVE_LIBPTHREAD 1
| #define HAVE_RWLOCK 1
| #define HAVE_NAMESPACES 1
| #define STL_NAMESPACE std
| #define GOOGLE_NAMESPACE google
| #define _START_GOOGLE_NAMESPACE_ namespace google {
| #define _END_GOOGLE_NAMESPACE_ }
| #define HAVE_USING_OPERATOR 1
| #define HAVE_SYS_UCONTEXT_H 1
| /* end confdefs.h.  */
| #define _GNU_SOURCE 1
|                          #include <sys/ucontext.h>
| int
| main ()
| {
| ucontext_t u; return u.uc_mcontext->__ss.__rip == 0;
|   ;
|   return 0;
| }
configure:17338: /Users/pritesh/Development/Libraries/CallDetectionExample/node_modules/react-native/./ios-cc.sh -c -g -O2  conftest.cpp >&5
conftest.cpp:57:37: error: no member named 'ss' in '__darwin_mcontext32'
ucontext_t u; return u.uc_mcontext->ss.srr0 == 0;
                     ~~~~~~~~~~~~~  ^
1 error generated.
configure:17338: $? = 1
configure: failed program was:
| /* confdefs.h */
| #define PACKAGE_NAME "glog"
| #define PACKAGE_TARNAME "glog"
| #define PACKAGE_VERSION "0.3.4"
| #define PACKAGE_STRING "glog 0.3.4"
| #define PACKAGE_BUGREPORT "opensource@google.com"
| #define PACKAGE_URL ""
| #define PACKAGE "glog"
| #define VERSION "0.3.4"
| #define HAVE_SYS_TYPES_H 1
| #define HAVE_SYS_STAT_H 1
| #define HAVE_STDLIB_H 1
| #define HAVE_STRING_H 1
| #define HAVE_MEMORY_H 1
| #define HAVE_STRINGS_H 1
| #define HAVE_INTTYPES_H 1
| #define HAVE_STDINT_H 1
| #define HAVE_UNISTD_H 1
| #define HAVE_DLFCN_H 1
| #define LT_OBJDIR ".libs/"
| #define HAVE_UNISTD_H 1
| #define HAVE_SYS_SYSCALL_H 1
| #define HAVE_EXECINFO_H 1
| #define HAVE_LIBUNWIND_H 1
| #define HAVE_SYS_UTSNAME_H 1
| #define HAVE_PWD_H 1
| #define HAVE_SYSLOG_H 1
| #define HAVE_SYS_TIME_H 1
| #define HAVE_GLOB_H 1
| #define HAVE_UNWIND_H 1
| #define SIZEOF_VOID_P 4
| #define HAVE_SIGALTSTACK 1
| #define HAVE_SIGACTION 1
| #define HAVE_DLADDR 1
| #define HAVE_FCNTL 1
| #define HAVE_PREAD 1
| #define HAVE_PWRITE 1
| #define HAVE___ATTRIBUTE__ 1
| #define HAVE___BUILTIN_EXPECT 1
| #define HAVE___SYNC_VAL_COMPARE_AND_SWAP 1
| #define HAVE_PTHREAD 1
| #define HAVE_LIBPTHREAD 1
| #define HAVE_RWLOCK 1
| #define HAVE_NAMESPACES 1
| #define STL_NAMESPACE std
| #define GOOGLE_NAMESPACE google
| #define _START_GOOGLE_NAMESPACE_ namespace google {
| #define _END_GOOGLE_NAMESPACE_ }
| #define HAVE_USING_OPERATOR 1
| #define HAVE_SYS_UCONTEXT_H 1
| /* end confdefs.h.  */
| #define _GNU_SOURCE 1
|                          #include <sys/ucontext.h>
| int
| main ()
| {
| ucontext_t u; return u.uc_mcontext->ss.srr0 == 0;
|   ;
|   return 0;
| }
configure:17338: /Users/pritesh/Development/Libraries/CallDetectionExample/node_modules/react-native/./ios-cc.sh -c -g -O2  conftest.cpp >&5
conftest.cpp:57:42: error: no member named '__srr0' in '__darwin_arm_thread_state'
ucontext_t u; return u.uc_mcontext->__ss.__srr0 == 0;
                     ~~~~~~~~~~~~~~~~~~~ ^
1 error generated.
configure:17338: $? = 1
configure: failed program was:
| /* confdefs.h */
| #define PACKAGE_NAME "glog"
| #define PACKAGE_TARNAME "glog"
| #define PACKAGE_VERSION "0.3.4"
| #define PACKAGE_STRING "glog 0.3.4"
| #define PACKAGE_BUGREPORT "opensource@google.com"
| #define PACKAGE_URL ""
| #define PACKAGE "glog"
| #define VERSION "0.3.4"
| #define HAVE_SYS_TYPES_H 1
| #define HAVE_SYS_STAT_H 1
| #define HAVE_STDLIB_H 1
| #define HAVE_STRING_H 1
| #define HAVE_MEMORY_H 1
| #define HAVE_STRINGS_H 1
| #define HAVE_INTTYPES_H 1
| #define HAVE_STDINT_H 1
| #define HAVE_UNISTD_H 1
| #define HAVE_DLFCN_H 1
| #define LT_OBJDIR ".libs/"
| #define HAVE_UNISTD_H 1
| #define HAVE_SYS_SYSCALL_H 1
| #define HAVE_EXECINFO_H 1
| #define HAVE_LIBUNWIND_H 1
| #define HAVE_SYS_UTSNAME_H 1
| #define HAVE_PWD_H 1
| #define HAVE_SYSLOG_H 1
| #define HAVE_SYS_TIME_H 1
| #define HAVE_GLOB_H 1
| #define HAVE_UNWIND_H 1
| #define SIZEOF_VOID_P 4
| #define HAVE_SIGALTSTACK 1
| #define HAVE_SIGACTION 1
| #define HAVE_DLADDR 1
| #define HAVE_FCNTL 1
| #define HAVE_PREAD 1
| #define HAVE_PWRITE 1
| #define HAVE___ATTRIBUTE__ 1
| #define HAVE___BUILTIN_EXPECT 1
| #define HAVE___SYNC_VAL_COMPARE_AND_SWAP 1
| #define HAVE_PTHREAD 1
| #define HAVE_LIBPTHREAD 1
| #define HAVE_RWLOCK 1
| #define HAVE_NAMESPACES 1
| #define STL_NAMESPACE std
| #define GOOGLE_NAMESPACE google
| #define _START_GOOGLE_NAMESPACE_ namespace google {
| #define _END_GOOGLE_NAMESPACE_ }
| #define HAVE_USING_OPERATOR 1
| #define HAVE_SYS_UCONTEXT_H 1
| /* end confdefs.h.  */
| #define _GNU_SOURCE 1
|                          #include <sys/ucontext.h>
| int
| main ()
| {
| ucontext_t u; return u.uc_mcontext->__ss.__srr0 == 0;
|   ;
|   return 0;
| }
configure:17392: /Users/pritesh/Development/Libraries/CallDetectionExample/node_modules/react-native/./ios-cc.sh -c -g -O2  conftest.cpp >&5
conftest.cpp:56:24: error: no member named 'sc_eip' in '__darwin_ucontext'
ucontext_t u; return u.sc_eip == 0;
                     ~ ^
1 error generated.
configure:17392: $? = 1
configure: failed program was:
| /* confdefs.h */
| #define PACKAGE_NAME "glog"
| #define PACKAGE_TARNAME "glog"
| #define PACKAGE_VERSION "0.3.4"
| #define PACKAGE_STRING "glog 0.3.4"
| #define PACKAGE_BUGREPORT "opensource@google.com"
| #define PACKAGE_URL ""
| #define PACKAGE "glog"
| #define VERSION "0.3.4"
| #define HAVE_SYS_TYPES_H 1
| #define HAVE_SYS_STAT_H 1
| #define HAVE_STDLIB_H 1
| #define HAVE_STRING_H 1
| #define HAVE_MEMORY_H 1
| #define HAVE_STRINGS_H 1
| #define HAVE_INTTYPES_H 1
| #define HAVE_STDINT_H 1
| #define HAVE_UNISTD_H 1
| #define HAVE_DLFCN_H 1
| #define LT_OBJDIR ".libs/"
| #define HAVE_UNISTD_H 1
| #define HAVE_SYS_SYSCALL_H 1
| #define HAVE_EXECINFO_H 1
| #define HAVE_LIBUNWIND_H 1
| #define HAVE_SYS_UTSNAME_H 1
| #define HAVE_PWD_H 1
| #define HAVE_SYSLOG_H 1
| #define HAVE_SYS_TIME_H 1
| #define HAVE_GLOB_H 1
| #define HAVE_UNWIND_H 1
| #define SIZEOF_VOID_P 4
| #define HAVE_SIGALTSTACK 1
| #define HAVE_SIGACTION 1
| #define HAVE_DLADDR 1
| #define HAVE_FCNTL 1
| #define HAVE_PREAD 1
| #define HAVE_PWRITE 1
| #define HAVE___ATTRIBUTE__ 1
| #define HAVE___BUILTIN_EXPECT 1
| #define HAVE___SYNC_VAL_COMPARE_AND_SWAP 1
| #define HAVE_PTHREAD 1
| #define HAVE_LIBPTHREAD 1
| #define HAVE_RWLOCK 1
| #define HAVE_NAMESPACES 1
| #define STL_NAMESPACE std
| #define GOOGLE_NAMESPACE google
| #define _START_GOOGLE_NAMESPACE_ namespace google {
| #define _END_GOOGLE_NAMESPACE_ }
| #define HAVE_USING_OPERATOR 1
| #define HAVE_SYS_UCONTEXT_H 1
| /* end confdefs.h.  */
| #include <signal.h>
| int
| main ()
| {
| ucontext_t u; return u.sc_eip == 0;
|   ;
|   return 0;
| }
configure:17392: /Users/pritesh/Development/Libraries/CallDetectionExample/node_modules/react-native/./ios-cc.sh -c -g -O2  conftest.cpp >&5
conftest.cpp:56:24: error: no member named 'sc_rip' in '__darwin_ucontext'
ucontext_t u; return u.sc_rip == 0;
                     ~ ^
1 error generated.
configure:17392: $? = 1
configure: failed program was:
| /* confdefs.h */
| #define PACKAGE_NAME "glog"
| #define PACKAGE_TARNAME "glog"
| #define PACKAGE_VERSION "0.3.4"
| #define PACKAGE_STRING "glog 0.3.4"
| #define PACKAGE_BUGREPORT "opensource@google.com"
| #define PACKAGE_URL ""
| #define PACKAGE "glog"
| #define VERSION "0.3.4"
| #define HAVE_SYS_TYPES_H 1
| #define HAVE_SYS_STAT_H 1
| #define HAVE_STDLIB_H 1
| #define HAVE_STRING_H 1
| #define HAVE_MEMORY_H 1
| #define HAVE_STRINGS_H 1
| #define HAVE_INTTYPES_H 1
| #define HAVE_STDINT_H 1
| #define HAVE_UNISTD_H 1
| #define HAVE_DLFCN_H 1
| #define LT_OBJDIR ".libs/"
| #define HAVE_UNISTD_H 1
| #define HAVE_SYS_SYSCALL_H 1
| #define HAVE_EXECINFO_H 1
| #define HAVE_LIBUNWIND_H 1
| #define HAVE_SYS_UTSNAME_H 1
| #define HAVE_PWD_H 1
| #define HAVE_SYSLOG_H 1
| #define HAVE_SYS_TIME_H 1
| #define HAVE_GLOB_H 1
| #define HAVE_UNWIND_H 1
| #define SIZEOF_VOID_P 4
| #define HAVE_SIGALTSTACK 1
| #define HAVE_SIGACTION 1
| #define HAVE_DLADDR 1
| #define HAVE_FCNTL 1
| #define HAVE_PREAD 1
| #define HAVE_PWRITE 1
| #define HAVE___ATTRIBUTE__ 1
| #define HAVE___BUILTIN_EXPECT 1
| #define HAVE___SYNC_VAL_COMPARE_AND_SWAP 1
| #define HAVE_PTHREAD 1
| #define HAVE_LIBPTHREAD 1
| #define HAVE_RWLOCK 1
| #define HAVE_NAMESPACES 1
| #define STL_NAMESPACE std
| #define GOOGLE_NAMESPACE google
| #define _START_GOOGLE_NAMESPACE_ namespace google {
| #define _END_GOOGLE_NAMESPACE_ }
| #define HAVE_USING_OPERATOR 1
| #define HAVE_SYS_UCONTEXT_H 1
| /* end confdefs.h.  */
| #include <signal.h>
| int
| main ()
| {
| ucontext_t u; return u.sc_rip == 0;
|   ;
|   return 0;
| }
configure:17407: WARNING: Could not find the PC.  Will not output failed addresses...
configure:17555: checking that generated files are newer than configure
configure:17561: result: done
configure:17608: creating ./config.status

## ---------------------- ##
## Running config.status. ##
## ---------------------- ##

This file was extended by glog config.status 0.3.4, which was
generated by GNU Autoconf 2.69.  Invocation command line was

  CONFIG_FILES    = 
  CONFIG_HEADERS  = 
  CONFIG_LINKS    = 
  CONFIG_COMMANDS = 
  $ ./config.status 

on Priteshs-MBP

config.status:1216: creating Makefile
config.status:1216: creating src/glog/logging.h
config.status:1216: creating src/glog/raw_logging.h
config.status:1216: creating src/glog/vlog_is_on.h
config.status:1216: creating src/glog/stl_logging.h
config.status:1216: creating libglog.pc
config.status:1216: creating src/config.h
config.status:1445: executing depfiles commands
config.status:1445: executing libtool commands

## ---------------- ##
## Cache variables. ##
## ---------------- ##

ac_cv___attribute__=yes
ac_cv___attribute___noinline='__attribute__ ((noinline))'
ac_cv___attribute___noreturn='__attribute__ ((noreturn))'
ac_cv___attribute___printf_4_5='__attribute__((__format__ (__printf__, 4, 5)))'
ac_cv___builtin_expect=yes
ac_cv___sync_val_compare_and_swap=yes
ac_cv_build=i386-apple-darwin16.5.0
ac_cv_c_compiler_gnu=yes
ac_cv_cxx_compiler_gnu=yes
ac_cv_cxx_namespaces=yes
ac_cv_cxx_stl_namespace=std
ac_cv_cxx_using_operator=1
ac_cv_env_CCC_set=
ac_cv_env_CCC_value=
ac_cv_env_CC_set=set
ac_cv_env_CC_value=/Users/pritesh/Development/Libraries/CallDetectionExample/node_modules/react-native/./ios-cc.sh
ac_cv_env_CFLAGS_set=
ac_cv_env_CFLAGS_value=
ac_cv_env_CPPFLAGS_set=
ac_cv_env_CPPFLAGS_value=
ac_cv_env_CPP_set=
ac_cv_env_CPP_value=
ac_cv_env_CXXCPP_set=
ac_cv_env_CXXCPP_value=
ac_cv_env_CXXFLAGS_set=
ac_cv_env_CXXFLAGS_value=
ac_cv_env_CXX_set=set
ac_cv_env_CXX_value=/Users/pritesh/Development/Libraries/CallDetectionExample/node_modules/react-native/./ios-cc.sh
ac_cv_env_LDFLAGS_set=
ac_cv_env_LDFLAGS_value=
ac_cv_env_LIBS_set=
ac_cv_env_LIBS_value=
ac_cv_env_build_alias_set=
ac_cv_env_build_alias_value=
ac_cv_env_host_alias_set=set
ac_cv_env_host_alias_value=arm-apple-darwin
ac_cv_env_target_alias_set=
ac_cv_env_target_alias_value=
ac_cv_func_dladdr=yes
ac_cv_func_fcntl=yes
ac_cv_func_pread=yes
ac_cv_func_pwrite=yes
ac_cv_func_sigaction=yes
ac_cv_func_sigaltstack=yes
ac_cv_have___builtin_expect=1
ac_cv_have___uint16=0
ac_cv_have_inttypes_h=1
ac_cv_have_libgflags=0
ac_cv_have_libunwind_h=1
ac_cv_have_stdint_h=1
ac_cv_have_systypes_h=1
ac_cv_have_u_int16_t=1
ac_cv_have_uint16_t=1
ac_cv_have_unistd_h=1
ac_cv_have_windows_h=0
ac_cv_header_dlfcn_h=yes
ac_cv_header_execinfo_h=yes
ac_cv_header_glob_h=yes
ac_cv_header_inttypes_h=yes
ac_cv_header_libunwind_h=yes
ac_cv_header_memory_h=yes
ac_cv_header_pwd_h=yes
ac_cv_header_stdc=no
ac_cv_header_stdint_h=yes
ac_cv_header_stdlib_h=yes
ac_cv_header_string_h=yes
ac_cv_header_strings_h=yes
ac_cv_header_sys_stat_h=yes
ac_cv_header_sys_syscall_h=yes
ac_cv_header_sys_time_h=yes
ac_cv_header_sys_types_h=yes
ac_cv_header_sys_ucontext_h=yes
ac_cv_header_sys_utsname_h=yes
ac_cv_header_syscall_h=no
ac_cv_header_syslog_h=yes
ac_cv_header_ucontext_h=no
ac_cv_header_unistd_h=yes
ac_cv_header_unwind_h=yes
ac_cv_header_windows_h=no
ac_cv_host=arm-apple-darwin
ac_cv_lib_gflags_main=no
ac_cv_lib_gtest_main=no
ac_cv_lib_pthread_pthread_self=yes
ac_cv_lib_unwind_backtrace=no
ac_cv_objext=o
ac_cv_path_EGREP='/usr/bin/grep -E'
ac_cv_path_FGREP='/usr/bin/grep -F'
ac_cv_path_GREP=/usr/bin/grep
ac_cv_path_SED=/usr/bin/sed
ac_cv_path_install='/usr/bin/install -c'
ac_cv_prog_AWK=awk
ac_cv_prog_CC=/Users/pritesh/Development/Libraries/CallDetectionExample/node_modules/react-native/./ios-cc.sh
ac_cv_prog_CPP='/Users/pritesh/Development/Libraries/CallDetectionExample/node_modules/react-native/./ios-cc.sh -E'
ac_cv_prog_CXXCPP='/Users/pritesh/Development/Libraries/CallDetectionExample/node_modules/react-native/./ios-cc.sh -E'
ac_cv_prog_STRIP=strip
ac_cv_prog_ac_ct_AR=ar
ac_cv_prog_ac_ct_DSYMUTIL=dsymutil
ac_cv_prog_ac_ct_DUMPBIN='link -dump'
ac_cv_prog_ac_ct_LIPO=lipo
ac_cv_prog_ac_ct_NMEDIT=nmedit
ac_cv_prog_ac_ct_OBJDUMP=objdump
ac_cv_prog_ac_ct_OTOOL=otool
ac_cv_prog_ac_ct_RANLIB=ranlib
ac_cv_prog_ac_ct_STRIP=strip
ac_cv_prog_cc_c89=
ac_cv_prog_cc_g=yes
ac_cv_prog_cxx_g=yes
ac_cv_prog_make_make_set=yes
ac_cv_rwlock=yes
ac_cv_sizeof_void_p=4
ac_cv_type___uint16=no
ac_cv_type_u_int16_t=yes
ac_cv_type_uint16_t=yes
am_cv_CC_dependencies_compiler_type=gcc3
am_cv_CXX_dependencies_compiler_type=gcc3
am_cv_make_support_nested_variables=yes
am_cv_prog_cc_c_o=yes
lt_cv_apple_cc_single_mod=no
lt_cv_ar_at_file=no
lt_cv_deplibs_check_method=pass_all
lt_cv_file_magic_cmd='$MAGIC_CMD'
lt_cv_file_magic_test_file=
lt_cv_ld_exported_symbols_list=yes
lt_cv_ld_force_load=no
lt_cv_ld_reload_flag=-r
lt_cv_nm_interface='BSD nm'
lt_cv_objdir=.libs
lt_cv_path_LD=/Applications/Xcode.app/Contents/Developer/Toolchains/XcodeDefault.xctoolchain/usr/bin/ld
lt_cv_path_LDCXX=/Applications/Xcode.app/Contents/Developer/Toolchains/XcodeDefault.xctoolchain/usr/bin/ld
lt_cv_path_NM=no
lt_cv_path_mainfest_tool=no
lt_cv_prog_compiler_c_o=yes
lt_cv_prog_compiler_c_o_CXX=yes
lt_cv_prog_compiler_pic='-fno-common -DPIC'
lt_cv_prog_compiler_pic_CXX='-fno-common -DPIC'
lt_cv_prog_compiler_pic_works=yes
lt_cv_prog_compiler_pic_works_CXX=yes
lt_cv_prog_compiler_rtti_exceptions=yes
lt_cv_prog_compiler_static_works=no
lt_cv_prog_compiler_static_works_CXX=no
lt_cv_prog_gnu_ld=no
lt_cv_prog_gnu_ldcxx=no
lt_cv_sharedlib_from_linklib_cmd='printf %s\n'
lt_cv_sys_global_symbol_pipe='sed -n -e '\''s/^.*[	 ]\([BCDEGRST][BCDEGRST]*\)[	 ][	 ]*_\([_A-Za-z][_A-Za-z0-9]*\)$/\1 _\2 \2/p'\'' | sed '\''/ __gnu_lto/d'\'''
lt_cv_sys_global_symbol_to_c_name_address='sed -n -e '\''s/^: \([^ ]*\)[ ]*$/  {\"\1\", (void *) 0},/p'\'' -e '\''s/^[BCDEGRST]* \([^ ]*\) \([^ ]*\)$/  {"\2", (void *) \&\2},/p'\'''
lt_cv_sys_global_symbol_to_c_name_address_lib_prefix='sed -n -e '\''s/^: \([^ ]*\)[ ]*$/  {\"\1\", (void *) 0},/p'\'' -e '\''s/^[BCDEGRST]* \([^ ]*\) \(lib[^ ]*\)$/  {"\2", (void *) \&\2},/p'\'' -e '\''s/^[BCDEGRST]* \([^ ]*\) \([^ ]*\)$/  {"lib\2", (void *) \&\2},/p'\'''
lt_cv_sys_global_symbol_to_cdecl='sed -n -e '\''s/^T .* \(.*\)$/extern int \1();/p'\'' -e '\''s/^[BCDEGRST]* .* \(.*\)$/extern char \1;/p'\'''
lt_cv_sys_max_cmd_len=196608
lt_cv_to_host_file_cmd=func_convert_file_noop
lt_cv_to_tool_file_cmd=func_convert_file_noop

## ----------------- ##
## Output variables. ##
## ----------------- ##

ACLOCAL='aclocal-1.14'
AMDEPBACKSLASH='\'
AMDEP_FALSE='#'
AMDEP_TRUE=''
AMTAR='$${TAR-tar}'
AM_BACKSLASH='\'
AM_DEFAULT_V='$(AM_DEFAULT_VERBOSITY)'
AM_DEFAULT_VERBOSITY='1'
AM_V='$(V)'
AR='ar'
AUTOCONF='autoconf'
AUTOHEADER='autoheader'
AUTOMAKE='automake-1.14'
AWK='awk'
CC='/Users/pritesh/Development/Libraries/CallDetectionExample/node_modules/react-native/./ios-cc.sh'
CCDEPMODE='depmode=gcc3'
CFLAGS='-g -O2'
CPP='/Users/pritesh/Development/Libraries/CallDetectionExample/node_modules/react-native/./ios-cc.sh -E'
CPPFLAGS=''
CXX='/Users/pritesh/Development/Libraries/CallDetectionExample/node_modules/react-native/./ios-cc.sh'
CXXCPP='/Users/pritesh/Development/Libraries/CallDetectionExample/node_modules/react-native/./ios-cc.sh -E'
CXXDEPMODE='depmode=gcc3'
CXXFLAGS='-g -O2'
CYGPATH_W='echo'
DEFS='-DHAVE_CONFIG_H'
DEPDIR='.deps'
DISABLE_RTTI_FALSE=''
DISABLE_RTTI_TRUE='#'
DLLTOOL='false'
DSYMUTIL='dsymutil'
DUMPBIN=':'
ECHO_C=''
ECHO_N='-n'
ECHO_T=''
EGREP='/usr/bin/grep -E'
ENABLE_FRAME_POINTERS_FALSE=''
ENABLE_FRAME_POINTERS_TRUE='#'
EXEEXT=''
FGREP='/usr/bin/grep -F'
GCC_FALSE='#'
GCC_TRUE=''
GFLAGS_CFLAGS=''
GFLAGS_LIBS=''
GMOCK_CFLAGS=''
GMOCK_CONFIG=''
GMOCK_LIBS=''
GREP='/usr/bin/grep'
GTEST_CFLAGS=''
GTEST_CONFIG=''
GTEST_LIBS=''
HAVE_GMOCK_FALSE=''
HAVE_GMOCK_TRUE='#'
INSTALL_DATA='${INSTALL} -m 644'
INSTALL_PROGRAM='${INSTALL}'
INSTALL_SCRIPT='${INSTALL}'
INSTALL_STRIP_PROGRAM='$(install_sh) -c -s'
LD='/Applications/Xcode.app/Contents/Developer/Toolchains/XcodeDefault.xctoolchain/usr/bin/ld'
LDFLAGS=''
LIBOBJS=''
LIBS='-lpthread '
LIBTOOL='$(SHELL) $(top_builddir)/libtool'
LIBTOOL_DEPS='./ltmain.sh'
LIPO='lipo'
LN_S='ln -s'
LTLIBOBJS=''
MAKEINFO='makeinfo'
MANIFEST_TOOL=':'
MINGW_CFLAGS=''
MKDIR_P='./install-sh -c -d'
NM='nm'
NMEDIT='nmedit'
OBJDUMP='objdump'
OBJEXT='o'
OTOOL64=':'
OTOOL='otool'
PACKAGE='glog'
PACKAGE_BUGREPORT='opensource@google.com'
PACKAGE_NAME='glog'
PACKAGE_STRING='glog 0.3.4'
PACKAGE_TARNAME='glog'
PACKAGE_URL=''
PACKAGE_VERSION='0.3.4'
PATH_SEPARATOR=':'
PTHREAD_CC='/Users/pritesh/Development/Libraries/CallDetectionExample/node_modules/react-native/./ios-cc.sh'
PTHREAD_CFLAGS='-D_THREAD_SAFE '
PTHREAD_LIBS=''
RANLIB='ranlib'
SED='/usr/bin/sed'
SET_MAKE=''
SHELL='/bin/sh'
STRIP='strip'
UNWIND_LIBS=''
VERSION='0.3.4'
X86_64_FALSE=''
X86_64_TRUE='#'
ac_ct_AR='ar'
ac_ct_CC=''
ac_ct_CXX=''
ac_ct_DUMPBIN='link -dump'
ac_cv___attribute___noinline='__attribute__ ((noinline))'
ac_cv___attribute___noreturn='__attribute__ ((noreturn))'
ac_cv___attribute___printf_4_5='__attribute__((__format__ (__printf__, 4, 5)))'
ac_cv_cxx_using_operator='1'
ac_cv_have___builtin_expect='1'
ac_cv_have___uint16='0'
ac_cv_have_inttypes_h='1'
ac_cv_have_libgflags='0'
ac_cv_have_stdint_h='1'
ac_cv_have_systypes_h='1'
ac_cv_have_u_int16_t='1'
ac_cv_have_uint16_t='1'
ac_cv_have_unistd_h='1'
ac_google_end_namespace='}'
ac_google_namespace='google'
ac_google_start_namespace='namespace google {'
acx_pthread_config=''
am__EXEEXT_FALSE=''
am__EXEEXT_TRUE='#'
am__fastdepCC_FALSE='#'
am__fastdepCC_TRUE=''
am__fastdepCXX_FALSE='#'
am__fastdepCXX_TRUE=''
am__include='include'
am__isrc=''
am__leading_dot='.'
am__nodep='_no'
am__quote=''
am__tar='$${TAR-tar} chof - "$$tardir"'
am__untar='$${TAR-tar} xf -'
bindir='${exec_prefix}/bin'
build='i386-apple-darwin16.5.0'
build_alias=''
build_cpu='i386'
build_os='darwin16.5.0'
build_vendor='apple'
datadir='${datarootdir}'
datarootdir='${prefix}/share'
docdir='${datarootdir}/doc/${PACKAGE_TARNAME}'
dvidir='${docdir}'
exec_prefix='${prefix}'
host='arm-apple-darwin'
host_alias='arm-apple-darwin'
host_cpu='arm'
host_os='darwin'
host_vendor='apple'
htmldir='${docdir}'
includedir='${prefix}/include'
infodir='${datarootdir}/info'
install_sh='${SHELL} /Users/pritesh/Development/Libraries/CallDetectionExample/node_modules/react-native/third-party/glog-0.3.4/install-sh'
libdir='${exec_prefix}/lib'
libexecdir='${exec_prefix}/libexec'
localedir='${datarootdir}/locale'
localstatedir='${prefix}/var'
mandir='${datarootdir}/man'
mkdir_p='$(MKDIR_P)'
oldincludedir='/usr/include'
pdfdir='${docdir}'
prefix='/usr/local'
program_transform_name='s,x,x,'
psdir='${docdir}'
sbindir='${exec_prefix}/sbin'
sharedstatedir='${prefix}/com'
sysconfdir='${prefix}/etc'
target_alias=''

## ----------- ##
## confdefs.h. ##
## ----------- ##

/* confdefs.h */
#define PACKAGE_NAME "glog"
#define PACKAGE_TARNAME "glog"
#define PACKAGE_VERSION "0.3.4"
#define PACKAGE_STRING "glog 0.3.4"
#define PACKAGE_BUGREPORT "opensource@google.com"
#define PACKAGE_URL ""
#define PACKAGE "glog"
#define VERSION "0.3.4"
#define HAVE_SYS_TYPES_H 1
#define HAVE_SYS_STAT_H 1
#define HAVE_STDLIB_H 1
#define HAVE_STRING_H 1
#define HAVE_MEMORY_H 1
#define HAVE_STRINGS_H 1
#define HAVE_INTTYPES_H 1
#define HAVE_STDINT_H 1
#define HAVE_UNISTD_H 1
#define HAVE_DLFCN_H 1
#define LT_OBJDIR ".libs/"
#define HAVE_UNISTD_H 1
#define HAVE_SYS_SYSCALL_H 1
#define HAVE_EXECINFO_H 1
#define HAVE_LIBUNWIND_H 1
#define HAVE_SYS_UTSNAME_H 1
#define HAVE_PWD_H 1
#define HAVE_SYSLOG_H 1
#define HAVE_SYS_TIME_H 1
#define HAVE_GLOB_H 1
#define HAVE_UNWIND_H 1
#define SIZEOF_VOID_P 4
#define HAVE_SIGALTSTACK 1
#define HAVE_SIGACTION 1
#define HAVE_DLADDR 1
#define HAVE_FCNTL 1
#define HAVE_PREAD 1
#define HAVE_PWRITE 1
#define HAVE___ATTRIBUTE__ 1
#define HAVE___BUILTIN_EXPECT 1
#define HAVE___SYNC_VAL_COMPARE_AND_SWAP 1
#define HAVE_PTHREAD 1
#define HAVE_LIBPTHREAD 1
#define HAVE_RWLOCK 1
#define HAVE_NAMESPACES 1
#define STL_NAMESPACE std
#define GOOGLE_NAMESPACE google
#define _START_GOOGLE_NAMESPACE_ namespace google {
#define _END_GOOGLE_NAMESPACE_ }
#define HAVE_USING_OPERATOR 1
#define HAVE_SYS_UCONTEXT_H 1
#define TEST_SRC_DIR "."

configure: exit 0
